{"logTime": "0324/033707", "correlationVector":"ijlkcaHqrrJKhqdUyOFq/m","action":"Initial GetUpdates", "result":"", "context":Reason: NEWLY_SUPPORTED_DATATYPE. cV=ijlkcaHqrrJKhqdUyOFq/m}
{"logTime": "0324/033708", "correlationVector":"ijlkcaHqrrJKhqdUyOFq/m.1","action":"SyncServerConnectionManagerRequest", "result":"SYNC_SERVER_OK", "context":{"environment":"Prod_francecentral_prod-s01-062-eur-francecentral", "migrationStage":"NotStarted", "server":"akswtt00600002g"}}
{"logTime": "0324/033708", "correlationVector":"ijlkcaHqrrJKhqdUyOFq/m.2","action":"ProcessGetUpdates", "result":"Done", "context":{"dataType":"History", "deleted":"0", "process_failed_to_decrypt":"0", "process_pending_decryption":"0", "process_success":"250", "total":"250"}}
{"logTime": "0324/033708", "correlationVector":"ijlkcaHqrrJKhqdUyOFq/m.3","action":"GetUpdates Response", "result":"Success", "context":Received 250 update(s). cV=ijlkcaHqrrJKhqdUyOFq/m.0;server=akswtt00600002g;cloudType=Consumer;environment=Prod_francecentral_prod-s01-062-eur-francecentral;migrationStage=NotStarted Some updates remain.}
{"logTime": "0324/033708", "correlationVector":"6Y+bf1DnvFJHZDnFEjCxU3","action":"Initial GetUpdates", "result":"", "context":Reason: NEWLY_SUPPORTED_DATATYPE. cV=6Y+bf1DnvFJHZDnFEjCxU3}
{"logTime": "0324/033709", "correlationVector":"6Y+bf1DnvFJHZDnFEjCxU3.1","action":"SyncServerConnectionManagerRequest", "result":"SYNC_SERVER_OK", "context":{"environment":"Prod_francecentral_prod-s01-062-eur-francecentral", "migrationStage":"NotStarted", "server":"akswtt006000028"}}
{"logTime": "0324/033709", "correlationVector":"6Y+bf1DnvFJHZDnFEjCxU3.2","action":"ProcessGetUpdates", "result":"Done", "context":{"dataType":"History", "deleted":"0", "process_failed_to_decrypt":"0", "process_pending_decryption":"0", "process_success":"250", "total":"250"}}
{"logTime": "0324/033709", "correlationVector":"6Y+bf1DnvFJHZDnFEjCxU3.3","action":"GetUpdates Response", "result":"Success", "context":Received 250 update(s). cV=6Y+bf1DnvFJHZDnFEjCxU3.0;server=akswtt006000028;cloudType=Consumer;environment=Prod_francecentral_prod-s01-062-eur-francecentral;migrationStage=NotStarted Some updates remain.}
{"logTime": "0324/033709", "correlationVector":"oNY+bTgIdsFCUQQSF9m/SA","action":"Initial GetUpdates", "result":"", "context":Reason: NEWLY_SUPPORTED_DATATYPE. cV=oNY+bTgIdsFCUQQSF9m/SA}
{"logTime": "0324/033710", "correlationVector":"oNY+bTgIdsFCUQQSF9m/SA.1","action":"SyncServerConnectionManagerRequest", "result":"SYNC_SERVER_OK", "context":{"environment":"Prod_francecentral_prod-s01-062-eur-francecentral", "migrationStage":"NotStarted", "server":"akswtt00600000r"}}
{"logTime": "0324/033710", "correlationVector":"oNY+bTgIdsFCUQQSF9m/SA.2","action":"ProcessGetUpdates", "result":"Done", "context":{"dataType":"History", "deleted":"0", "process_failed_to_decrypt":"0", "process_pending_decryption":"0", "process_success":"250", "total":"250"}}
{"logTime": "0324/033710", "correlationVector":"oNY+bTgIdsFCUQQSF9m/SA.3","action":"GetUpdates Response", "result":"Success", "context":Received 250 update(s). cV=oNY+bTgIdsFCUQQSF9m/SA.0;server=akswtt00600000r;cloudType=Consumer;environment=Prod_francecentral_prod-s01-062-eur-francecentral;migrationStage=NotStarted Some updates remain.}
{"logTime": "0324/033710", "correlationVector":"z8NpwjqihGFItj3D12qf7o","action":"Initial GetUpdates", "result":"", "context":Reason: NEWLY_SUPPORTED_DATATYPE. cV=z8NpwjqihGFItj3D12qf7o}
{"logTime": "0324/033711", "correlationVector":"z8NpwjqihGFItj3D12qf7o.1","action":"SyncServerConnectionManagerRequest", "result":"SYNC_SERVER_OK", "context":{"environment":"Prod_francecentral_prod-s01-062-eur-francecentral", "migrationStage":"NotStarted", "server":"akswtt00600002a"}}
{"logTime": "0324/033711", "correlationVector":"z8NpwjqihGFItj3D12qf7o.2","action":"ProcessGetUpdates", "result":"Done", "context":{"dataType":"History", "deleted":"0", "process_failed_to_decrypt":"0", "process_pending_decryption":"0", "process_success":"250", "total":"250"}}
{"logTime": "0324/033711", "correlationVector":"z8NpwjqihGFItj3D12qf7o.3","action":"GetUpdates Response", "result":"Success", "context":Received 250 update(s). cV=z8NpwjqihGFItj3D12qf7o.0;server=akswtt00600002a;cloudType=Consumer;environment=Prod_francecentral_prod-s01-062-eur-francecentral;migrationStage=NotStarted Some updates remain.}
{"logTime": "0324/033711", "correlationVector":"YnIDPCq9+94exl33fOCRt+","action":"Initial GetUpdates", "result":"", "context":Reason: NEWLY_SUPPORTED_DATATYPE. cV=YnIDPCq9+94exl33fOCRt+}
{"logTime": "0324/033713", "correlationVector":"YnIDPCq9+94exl33fOCRt+.1","action":"SyncServerConnectionManagerRequest", "result":"SYNC_SERVER_OK", "context":{"environment":"Prod_francecentral_prod-s01-062-eur-francecentral", "migrationStage":"NotStarted", "server":"akswtt006000016"}}
{"logTime": "0324/033713", "correlationVector":"YnIDPCq9+94exl33fOCRt+.2","action":"ProcessGetUpdates", "result":"Done", "context":{"dataType":"History", "deleted":"0", "process_failed_to_decrypt":"0", "process_pending_decryption":"0", "process_success":"250", "total":"250"}}
{"logTime": "0324/033713", "correlationVector":"YnIDPCq9+94exl33fOCRt+.3","action":"GetUpdates Response", "result":"Success", "context":Received 250 update(s). cV=YnIDPCq9+94exl33fOCRt+.0;server=akswtt006000016;cloudType=Consumer;environment=Prod_francecentral_prod-s01-062-eur-francecentral;migrationStage=NotStarted Some updates remain.}
{"logTime": "0324/033713", "correlationVector":"kbsG5xtbjoKv+897ooTUVh","action":"Initial GetUpdates", "result":"", "context":Reason: NEWLY_SUPPORTED_DATATYPE. cV=kbsG5xtbjoKv+897ooTUVh}
{"logTime": "0324/033714", "correlationVector":"kbsG5xtbjoKv+897ooTUVh.1","action":"SyncServerConnectionManagerRequest", "result":"SYNC_SERVER_OK", "context":{"environment":"Prod_francecentral_prod-s01-062-eur-francecentral", "migrationStage":"NotStarted", "server":"akswtt006000028"}}
{"logTime": "0324/033714", "correlationVector":"kbsG5xtbjoKv+897ooTUVh.2","action":"ProcessGetUpdates", "result":"Done", "context":{"dataType":"History", "deleted":"0", "process_failed_to_decrypt":"0", "process_pending_decryption":"0", "process_success":"250", "total":"250"}}
{"logTime": "0324/033714", "correlationVector":"kbsG5xtbjoKv+897ooTUVh.3","action":"GetUpdates Response", "result":"Success", "context":Received 250 update(s). cV=kbsG5xtbjoKv+897ooTUVh.0;server=akswtt006000028;cloudType=Consumer;environment=Prod_francecentral_prod-s01-062-eur-francecentral;migrationStage=NotStarted Some updates remain.}
{"logTime": "0324/033714", "correlationVector":"FdKbk5tck9zdIOPaYCNm55","action":"Initial GetUpdates", "result":"", "context":Reason: NEWLY_SUPPORTED_DATATYPE. cV=FdKbk5tck9zdIOPaYCNm55}
{"logTime": "0324/033715", "correlationVector":"FdKbk5tck9zdIOPaYCNm55.1","action":"SyncServerConnectionManagerRequest", "result":"SYNC_SERVER_OK", "context":{"environment":"Prod_francecentral_prod-s01-062-eur-francecentral", "migrationStage":"NotStarted", "server":"akswtt00600002a"}}
{"logTime": "0324/033715", "correlationVector":"FdKbk5tck9zdIOPaYCNm55.2","action":"ProcessGetUpdates", "result":"Done", "context":{"dataType":"History", "deleted":"0", "process_failed_to_decrypt":"0", "process_pending_decryption":"0", "process_success":"250", "total":"250"}}
{"logTime": "0324/033715", "correlationVector":"FdKbk5tck9zdIOPaYCNm55.3","action":"GetUpdates Response", "result":"Success", "context":Received 250 update(s). cV=FdKbk5tck9zdIOPaYCNm55.0;server=akswtt00600002a;cloudType=Consumer;environment=Prod_francecentral_prod-s01-062-eur-francecentral;migrationStage=NotStarted Some updates remain.}
{"logTime": "0324/033715", "correlationVector":"U3i/3nnhngsBBfRhNdfufK","action":"Initial GetUpdates", "result":"", "context":Reason: NEWLY_SUPPORTED_DATATYPE. cV=U3i/3nnhngsBBfRhNdfufK}
{"logTime": "0324/033716", "correlationVector":"U3i/3nnhngsBBfRhNdfufK.1","action":"SyncServerConnectionManagerRequest", "result":"SYNC_SERVER_OK", "context":{"environment":"Prod_francecentral_prod-s01-062-eur-francecentral", "migrationStage":"NotStarted", "server":"akswtt00600000r"}}
{"logTime": "0324/033716", "correlationVector":"U3i/3nnhngsBBfRhNdfufK.2","action":"ProcessGetUpdates", "result":"Done", "context":{"dataType":"History", "deleted":"0", "process_failed_to_decrypt":"0", "process_pending_decryption":"0", "process_success":"250", "total":"250"}}
{"logTime": "0324/033716", "correlationVector":"U3i/3nnhngsBBfRhNdfufK.3","action":"GetUpdates Response", "result":"Success", "context":Received 250 update(s). cV=U3i/3nnhngsBBfRhNdfufK.0;server=akswtt00600000r;cloudType=Consumer;environment=Prod_francecentral_prod-s01-062-eur-francecentral;migrationStage=NotStarted Some updates remain.}
{"logTime": "0324/033716", "correlationVector":"yGzK1QRGzXeqO2LrUgILnC","action":"Initial GetUpdates", "result":"", "context":Reason: NEWLY_SUPPORTED_DATATYPE. cV=yGzK1QRGzXeqO2LrUgILnC}
{"logTime": "0324/033717", "correlationVector":"yGzK1QRGzXeqO2LrUgILnC.1","action":"SyncServerConnectionManagerRequest", "result":"SYNC_SERVER_OK", "context":{"environment":"Prod_francecentral_prod-s01-062-eur-francecentral", "migrationStage":"NotStarted", "server":"akswtt006000016"}}
{"logTime": "0324/033717", "correlationVector":"yGzK1QRGzXeqO2LrUgILnC.2","action":"ProcessGetUpdates", "result":"Done", "context":{"dataType":"History", "deleted":"0", "process_failed_to_decrypt":"0", "process_pending_decryption":"0", "process_success":"250", "total":"250"}}
{"logTime": "0324/033717", "correlationVector":"yGzK1QRGzXeqO2LrUgILnC.3","action":"GetUpdates Response", "result":"Success", "context":Received 250 update(s). cV=yGzK1QRGzXeqO2LrUgILnC.0;server=akswtt006000016;cloudType=Consumer;environment=Prod_francecentral_prod-s01-062-eur-francecentral;migrationStage=NotStarted Some updates remain.}
{"logTime": "0324/033717", "correlationVector":"jkb18xhh0pIhyahkhRwe90","action":"Initial GetUpdates", "result":"", "context":Reason: NEWLY_SUPPORTED_DATATYPE. cV=jkb18xhh0pIhyahkhRwe90}
{"logTime": "0324/033718", "correlationVector":"jkb18xhh0pIhyahkhRwe90.1","action":"SyncServerConnectionManagerRequest", "result":"SYNC_SERVER_OK", "context":{"environment":"Prod_francecentral_prod-s01-062-eur-francecentral", "migrationStage":"NotStarted", "server":"akswtt00600002a"}}
{"logTime": "0324/033718", "correlationVector":"jkb18xhh0pIhyahkhRwe90.2","action":"ProcessGetUpdates", "result":"Done", "context":{"dataType":"History", "deleted":"0", "process_failed_to_decrypt":"0", "process_pending_decryption":"0", "process_success":"250", "total":"250"}}
{"logTime": "0324/033718", "correlationVector":"jkb18xhh0pIhyahkhRwe90.3","action":"GetUpdates Response", "result":"Success", "context":Received 250 update(s). cV=jkb18xhh0pIhyahkhRwe90.0;server=akswtt00600002a;cloudType=Consumer;environment=Prod_francecentral_prod-s01-062-eur-francecentral;migrationStage=NotStarted Some updates remain.}
{"logTime": "0324/033718", "correlationVector":"YF1azt0feN+msLsj+1EKaj","action":"Initial GetUpdates", "result":"", "context":Reason: NEWLY_SUPPORTED_DATATYPE. cV=YF1azt0feN+msLsj+1EKaj}
{"logTime": "0324/033719", "correlationVector":"YF1azt0feN+msLsj+1EKaj.1","action":"SyncServerConnectionManagerRequest", "result":"SYNC_SERVER_OK", "context":{"environment":"Prod_francecentral_prod-s01-062-eur-francecentral", "migrationStage":"NotStarted", "server":"akswtt006000028"}}
{"logTime": "0324/033719", "correlationVector":"YF1azt0feN+msLsj+1EKaj.2","action":"ProcessGetUpdates", "result":"Done", "context":{"dataType":"History", "deleted":"33", "process_failed_to_decrypt":"0", "process_pending_decryption":"0", "process_success":"250", "total":"250"}}
{"logTime": "0324/033719", "correlationVector":"YF1azt0feN+msLsj+1EKaj.3","action":"GetUpdates Response", "result":"Success", "context":Received 250 update(s). cV=YF1azt0feN+msLsj+1EKaj.0;server=akswtt006000028;cloudType=Consumer;environment=Prod_francecentral_prod-s01-062-eur-francecentral;migrationStage=NotStarted Some updates remain.}
{"logTime": "0324/033719", "correlationVector":"xdxjQ5En6ShA694cjuYLWu","action":"Initial GetUpdates", "result":"", "context":Reason: NEWLY_SUPPORTED_DATATYPE. cV=xdxjQ5En6ShA694cjuYLWu}
{"logTime": "0324/033720", "correlationVector":"xdxjQ5En6ShA694cjuYLWu.1","action":"SyncServerConnectionManagerRequest", "result":"SYNC_SERVER_OK", "context":{"environment":"Prod_francecentral_prod-s01-062-eur-francecentral", "migrationStage":"NotStarted", "server":"akswtt00600002a"}}
{"logTime": "0324/033720", "correlationVector":"xdxjQ5En6ShA694cjuYLWu.2","action":"ProcessGetUpdates", "result":"Done", "context":{"dataType":"History", "deleted":"74", "process_failed_to_decrypt":"0", "process_pending_decryption":"0", "process_success":"250", "total":"250"}}
{"logTime": "0324/033720", "correlationVector":"xdxjQ5En6ShA694cjuYLWu.3","action":"GetUpdates Response", "result":"Success", "context":Received 250 update(s). cV=xdxjQ5En6ShA694cjuYLWu.0;server=akswtt00600002a;cloudType=Consumer;environment=Prod_francecentral_prod-s01-062-eur-francecentral;migrationStage=NotStarted Some updates remain.}
{"logTime": "0324/033720", "correlationVector":"T52uXNztdY7Z6qhsQCXykv","action":"Initial GetUpdates", "result":"", "context":Reason: NEWLY_SUPPORTED_DATATYPE. cV=T52uXNztdY7Z6qhsQCXykv}
{"logTime": "0324/033720", "correlationVector":"T52uXNztdY7Z6qhsQCXykv.1","action":"SyncServerConnectionManagerRequest", "result":"SYNC_SERVER_OK", "context":{"environment":"Prod_francecentral_prod-s01-062-eur-francecentral", "migrationStage":"NotStarted", "server":"akswtt006000028"}}
{"logTime": "0324/033720", "correlationVector":"T52uXNztdY7Z6qhsQCXykv.2","action":"ProcessGetUpdates", "result":"Done", "context":{"dataType":"History", "deleted":"0", "process_failed_to_decrypt":"0", "process_pending_decryption":"0", "process_success":"26", "total":"26"}}
{"logTime": "0324/033720", "correlationVector":"T52uXNztdY7Z6qhsQCXykv.3","action":"GetUpdates Response", "result":"Success", "context":Received 26 update(s). cV=T52uXNztdY7Z6qhsQCXykv.0;server=akswtt006000028;cloudType=Consumer;environment=Prod_francecentral_prod-s01-062-eur-francecentral;migrationStage=NotStarted}
{"logTime": "0324/033720", "correlationVector":"A+A3SUyqsy1Kh/9AOZKSxe","action":"Normal GetUpdate request", "result":"", "context":cV=A+A3SUyqsy1Kh/9AOZKSxe
Nudged types: Bookmarks, Preferences, Sessions, Device Info, User Consents, History
Refresh requested types: Bookmarks, Preferences, Passwords, Autofill Profiles, Autofill, Extensions, Sessions, Extension settings, History Delete Directives, Device Info, User Consents, Send Tab To Self, Web Apps, History, Collection, Edge E Drop, Edge Hub App Usage, Edge Tab Group, Edge Wallet, Encryption Keys}
{"logTime": "0324/033721", "correlationVector":"A+A3SUyqsy1Kh/9AOZKSxe.1","action":"SyncServerConnectionManagerRequest", "result":"SYNC_SERVER_OK", "context":{"environment":"Prod_francecentral_prod-s01-062-eur-francecentral", "migrationStage":"NotStarted", "server":"akswtt006000016"}}
{"logTime": "0324/033721", "correlationVector":"A+A3SUyqsy1Kh/9AOZKSxe.2","action":"GetUpdates Response", "result":"Success", "context":Received 0 update(s). cV=A+A3SUyqsy1Kh/9AOZKSxe.0;server=akswtt006000016;cloudType=Consumer;environment=Prod_francecentral_prod-s01-062-eur-francecentral;migrationStage=NotStarted}
{"logTime": "0324/033721", "correlationVector":"zfB44ByUbHgLelJJAx2at/","action":"Commit Request", "result":"", "context":Item count: 8
Contributing types: Bookmarks, Preferences, Sessions, Device Info, User Consents, History}
{"logTime": "0324/033722", "correlationVector":"zfB44ByUbHgLelJJAx2at/.1","action":"SyncServerConnectionManagerRequest", "result":"SYNC_SERVER_OK", "context":{"environment":"Prod_francecentral_prod-s01-062-eur-francecentral", "migrationStage":"NotStarted", "server":"akswtt006000016"}}
{"logTime": "0324/033722", "correlationVector":"zfB44ByUbHgLelJJAx2at/.2","action":"Commit Response", "result":"Success", "context":Result: Success. cV=zfB44ByUbHgLelJJAx2at/.0;server=akswtt006000016;cloudType=Consumer;environment=Prod_francecentral_prod-s01-062-eur-francecentral;migrationStage=NotStarted}
{"logTime": "0324/034059", "correlationVector":"1vjvT4ruHiZJSoOF3Xx5X2","action":"Commit Request", "result":"", "context":Item count: 1
Contributing types: Sessions}
{"logTime": "0324/034100", "correlationVector":"1vjvT4ruHiZJSoOF3Xx5X2.1","action":"SyncServerConnectionManagerRequest", "result":"SYNC_SERVER_OK", "context":{"environment":"Prod_francecentral_prod-s01-062-eur-francecentral", "migrationStage":"NotStarted", "server":"akswtt00600000t"}}
{"logTime": "0324/034100", "correlationVector":"1vjvT4ruHiZJSoOF3Xx5X2.2","action":"Commit Response", "result":"Success", "context":Result: Success. cV=1vjvT4ruHiZJSoOF3Xx5X2.0;server=akswtt00600000t;cloudType=Consumer;environment=Prod_francecentral_prod-s01-062-eur-francecentral;migrationStage=NotStarted}
{"logTime": "0324/034119", "correlationVector":"CxZV2eUvE/vWkJGkTeP6Hd","action":"Normal GetUpdate request", "result":"", "context":cV=CxZV2eUvE/vWkJGkTeP6Hd
Notified types: Device Info}
{"logTime": "0324/034120", "correlationVector":"CxZV2eUvE/vWkJGkTeP6Hd.1","action":"SyncServerConnectionManagerRequest", "result":"SYNC_SERVER_OK", "context":{"environment":"Prod_francecentral_prod-s01-062-eur-francecentral", "migrationStage":"NotStarted", "server":"akswtt00600003c"}}
{"logTime": "0324/034120", "correlationVector":"CxZV2eUvE/vWkJGkTeP6Hd.2","action":"ProcessGetUpdates", "result":"Done", "context":{"dataType":"Bookmarks", "deleted":"0", "process_failed_to_decrypt":"0", "process_pending_decryption":"0", "process_success":"1", "total":"1"}}
{"logTime": "0324/034120", "correlationVector":"CxZV2eUvE/vWkJGkTeP6Hd.3","action":"ProcessGetUpdates", "result":"Done", "context":{"dataType":"Preferences", "deleted":"0", "process_failed_to_decrypt":"0", "process_pending_decryption":"0", "process_success":"1", "total":"1"}}
{"logTime": "0324/034120", "correlationVector":"CxZV2eUvE/vWkJGkTeP6Hd.4","action":"ProcessGetUpdates", "result":"Done", "context":{"dataType":"Sessions", "deleted":"0", "process_failed_to_decrypt":"0", "process_pending_decryption":"0", "process_success":"5", "total":"5"}}
{"logTime": "0324/034120", "correlationVector":"CxZV2eUvE/vWkJGkTeP6Hd.5","action":"ProcessGetUpdates", "result":"Done", "context":{"dataType":"Device Info", "deleted":"0", "process_failed_to_decrypt":"0", "process_pending_decryption":"0", "process_success":"2", "total":"2"}}
{"logTime": "0324/034120", "correlationVector":"CxZV2eUvE/vWkJGkTeP6Hd.6","action":"ProcessGetUpdates", "result":"Done", "context":{"dataType":"History", "deleted":"0", "process_failed_to_decrypt":"0", "process_pending_decryption":"0", "process_success":"1", "total":"1"}}
{"logTime": "0324/034120", "correlationVector":"CxZV2eUvE/vWkJGkTeP6Hd.7","action":"GetUpdates Response", "result":"Success", "context":Received 10 update(s). cV=CxZV2eUvE/vWkJGkTeP6Hd.0;server=akswtt00600003c;cloudType=Consumer;environment=Prod_francecentral_prod-s01-062-eur-francecentral;migrationStage=NotStarted}
{"logTime": "0324/034120", "correlationVector":"7dOxASAq9Xy9wckhfWPxkI","action":"DoCompareDataConsistency requsted types: ", "result":"Bookmarks, Preferences, Passwords, Extensions, Extension settings, History Delete Directives, Send Tab To Self, Web Apps, History, Collection, Edge E Drop, Edge Tab Group, Edge Wallet, Encryption Keys"}
{"logTime": "0324/034120", "correlationVector":"7dOxASAq9Xy9wckhfWPxkI.0","action":"CompareDataConsistency result: ", "result":"Compare result: Encryption Keys is consistent. local entities count is: 1 local entities hash is: C7aLLNCe0OX6i8jn5smFpdf5kBM="}
{"logTime": "0324/034120", "correlationVector":"7dOxASAq9Xy9wckhfWPxkI.1","action":"CompareDataConsistency result: ", "result":"Compare result: Bookmarks is consistent. local entities count is: 10 local entities hash is: 6ZaPr3mIihL2urNTc8FNRK6ao1E="}
{"logTime": "0324/034120", "correlationVector":"7dOxASAq9Xy9wckhfWPxkI.2","action":"CompareDataConsistency result: ", "result":"Compare result: Preferences is consistent. local entities count is: 74 local entities hash is: DB4ZAB10rXnqoCCrecW1YQtUl2o="}
{"logTime": "0324/034120", "correlationVector":"7dOxASAq9Xy9wckhfWPxkI.3","action":"CompareDataConsistency result: ", "result":"Compare result: Extensions is consistent. local entities count is: 2 local entities hash is: oTMbPlDdHPJGCzFZCktzdt3qqk0="}
{"logTime": "0324/034120", "correlationVector":"7dOxASAq9Xy9wckhfWPxkI.4","action":"CompareDataConsistency result: ", "result":"Compare result: Extension settings is consistent. local entities count is: 0 local entities hash is: "}
{"logTime": "0324/034120", "correlationVector":"7dOxASAq9Xy9wckhfWPxkI.5","action":"CompareDataConsistency result: ", "result":"Compare result: History Delete Directives is inconsistent. server entities count is: 142 server entities hash is: pmldQNCOD5yoqlrejr4Q1Yy5i4Y= local entities count is: 0 local entities hash is: "}
{"logTime": "0324/034120", "correlationVector":"7dOxASAq9Xy9wckhfWPxkI.6","action":"CompareDataConsistency result: ", "result":"Server did not send this Send Tab To Self local entities count is: 0 local entities hash is: "}
{"logTime": "0324/034120", "correlationVector":"7dOxASAq9Xy9wckhfWPxkI.7","action":"CompareDataConsistency result: ", "result":"Compare result: Web Apps is consistent. local entities count is: 0 local entities hash is: "}
{"logTime": "0324/034120", "correlationVector":"7dOxASAq9Xy9wckhfWPxkI.8","action":"CompareDataConsistency result: ", "result":"Server did not send this History local entities count is: 0 local entities hash is: "}
{"logTime": "0324/034120", "correlationVector":"7dOxASAq9Xy9wckhfWPxkI.9","action":"CompareDataConsistency result: ", "result":"Compare result: Collection is consistent. local entities count is: 5 local entities hash is: mSkLBfXBrMwHHbGqquV30nWsLEY="}
{"logTime": "0324/034120", "correlationVector":"7dOxASAq9Xy9wckhfWPxkI.10","action":"CompareDataConsistency result: ", "result":"Compare result: Edge E Drop is consistent. local entities count is: 0 local entities hash is: "}
{"logTime": "0324/034120", "correlationVector":"7dOxASAq9Xy9wckhfWPxkI.11","action":"CompareDataConsistency result: ", "result":"Compare result: Edge Tab Group is consistent. local entities count is: 10 local entities hash is: lFvKBEh0GwvKreCw06Y239ZCD7s="}
{"logTime": "0324/034120", "correlationVector":"7dOxASAq9Xy9wckhfWPxkI.12","action":"CompareDataConsistency result: ", "result":"Compare result: Edge Wallet is consistent. local entities count is: 0 local entities hash is: "}
{"logTime": "0324/034120", "correlationVector":"7dOxASAq9Xy9wckhfWPxkI.13","action":"CompareDataConsistency result: ", "result":"Compare result: Passwords is consistent. local entities count is: 59 local entities hash is: xygm8iTHeWiFDwLdSRY0JtGXfbE="}
{"logTime": "0324/034121", "correlationVector":"","action":"DIAGNOSTIC_REQUEST|v1/diagnosticData/Diagnostic.SendCheckResult()|SUCCESS", "result":""}
{"logTime": "0324/034122", "correlationVector":"R1LmVUAMXtq9SZekkBoKeR","action":"Normal GetUpdate request", "result":"", "context":cV=R1LmVUAMXtq9SZekkBoKeR
Notified types: Preferences, History}
{"logTime": "0324/034123", "correlationVector":"R1LmVUAMXtq9SZekkBoKeR.1","action":"SyncServerConnectionManagerRequest", "result":"SYNC_SERVER_OK", "context":{"environment":"Prod_francecentral_prod-s01-062-eur-francecentral", "migrationStage":"NotStarted", "server":"akswtt00600001v"}}
{"logTime": "0324/034123", "correlationVector":"R1LmVUAMXtq9SZekkBoKeR.2","action":"ProcessGetUpdates", "result":"Done", "context":{"dataType":"Preferences", "deleted":"0", "process_failed_to_decrypt":"0", "process_pending_decryption":"0", "process_success":"1", "total":"1"}}
{"logTime": "0324/034123", "correlationVector":"R1LmVUAMXtq9SZekkBoKeR.3","action":"ProcessGetUpdates", "result":"Done", "context":{"dataType":"Sessions", "deleted":"0", "process_failed_to_decrypt":"0", "process_pending_decryption":"0", "process_success":"2", "total":"2"}}
{"logTime": "0324/034123", "correlationVector":"R1LmVUAMXtq9SZekkBoKeR.4","action":"ProcessGetUpdates", "result":"Done", "context":{"dataType":"History", "deleted":"0", "process_failed_to_decrypt":"0", "process_pending_decryption":"0", "process_success":"1", "total":"1"}}
{"logTime": "0324/034123", "correlationVector":"R1LmVUAMXtq9SZekkBoKeR.5","action":"GetUpdates Response", "result":"Success", "context":Received 4 update(s). cV=R1LmVUAMXtq9SZekkBoKeR.0;server=akswtt00600001v;cloudType=Consumer;environment=Prod_francecentral_prod-s01-062-eur-francecentral;migrationStage=NotStarted}
{"logTime": "0324/034133", "correlationVector":"KxfbiO6D4qGoVvs4oD6UwG","action":"Normal GetUpdate request", "result":"", "context":cV=KxfbiO6D4qGoVvs4oD6UwG
Notified types: Device Info, History}
{"logTime": "0324/034133", "correlationVector":"KxfbiO6D4qGoVvs4oD6UwG.1","action":"SyncServerConnectionManagerRequest", "result":"SYNC_SERVER_OK", "context":{"environment":"Prod_francecentral_prod-s01-062-eur-francecentral", "migrationStage":"NotStarted", "server":"akswtt006000010"}}
{"logTime": "0324/034133", "correlationVector":"KxfbiO6D4qGoVvs4oD6UwG.2","action":"ProcessGetUpdates", "result":"Done", "context":{"dataType":"Sessions", "deleted":"0", "process_failed_to_decrypt":"0", "process_pending_decryption":"0", "process_success":"1", "total":"1"}}
{"logTime": "0324/034133", "correlationVector":"KxfbiO6D4qGoVvs4oD6UwG.3","action":"ProcessGetUpdates", "result":"Done", "context":{"dataType":"Device Info", "deleted":"0", "process_failed_to_decrypt":"0", "process_pending_decryption":"0", "process_success":"1", "total":"1"}}
{"logTime": "0324/034133", "correlationVector":"KxfbiO6D4qGoVvs4oD6UwG.4","action":"ProcessGetUpdates", "result":"Done", "context":{"dataType":"History", "deleted":"0", "process_failed_to_decrypt":"0", "process_pending_decryption":"0", "process_success":"3", "total":"3"}}
{"logTime": "0324/034133", "correlationVector":"KxfbiO6D4qGoVvs4oD6UwG.5","action":"GetUpdates Response", "result":"Success", "context":Received 5 update(s). cV=KxfbiO6D4qGoVvs4oD6UwG.0;server=akswtt006000010;cloudType=Consumer;environment=Prod_francecentral_prod-s01-062-eur-francecentral;migrationStage=NotStarted}
{"logTime": "0324/034148", "correlationVector":"Lu/c/mSjUQuXYkSs7Wm6vc","action":"Normal GetUpdate request", "result":"", "context":cV=Lu/c/mSjUQuXYkSs7Wm6vc
Notified types: Autofill, History}
{"logTime": "0324/034148", "correlationVector":"Lu/c/mSjUQuXYkSs7Wm6vc.1","action":"SyncServerConnectionManagerRequest", "result":"SYNC_SERVER_OK", "context":{"environment":"Prod_francecentral_prod-s01-062-eur-francecentral", "migrationStage":"NotStarted", "server":"akswtt00600003q"}}
{"logTime": "0324/034148", "correlationVector":"Lu/c/mSjUQuXYkSs7Wm6vc.2","action":"ProcessGetUpdates", "result":"Done", "context":{"dataType":"Autofill", "deleted":"0", "process_failed_to_decrypt":"0", "process_pending_decryption":"0", "process_success":"1", "total":"1"}}
{"logTime": "0324/034148", "correlationVector":"Lu/c/mSjUQuXYkSs7Wm6vc.3","action":"ProcessGetUpdates", "result":"Done", "context":{"dataType":"Sessions", "deleted":"0", "process_failed_to_decrypt":"0", "process_pending_decryption":"0", "process_success":"1", "total":"1"}}
{"logTime": "0324/034148", "correlationVector":"Lu/c/mSjUQuXYkSs7Wm6vc.4","action":"ProcessGetUpdates", "result":"Done", "context":{"dataType":"History", "deleted":"0", "process_failed_to_decrypt":"0", "process_pending_decryption":"0", "process_success":"5", "total":"5"}}
{"logTime": "0324/034148", "correlationVector":"Lu/c/mSjUQuXYkSs7Wm6vc.5","action":"GetUpdates Response", "result":"Success", "context":Received 7 update(s). cV=Lu/c/mSjUQuXYkSs7Wm6vc.0;server=akswtt00600003q;cloudType=Consumer;environment=Prod_francecentral_prod-s01-062-eur-francecentral;migrationStage=NotStarted}
{"logTime": "0324/034327", "correlationVector":"i0BuDVleeB01lTKMeB+dvj","action":"Normal GetUpdate request", "result":"", "context":cV=i0BuDVleeB01lTKMeB+dvj
Notified types: History}
{"logTime": "0324/034327", "correlationVector":"i0BuDVleeB01lTKMeB+dvj.1","action":"SyncServerConnectionManagerRequest", "result":"SYNC_SERVER_OK", "context":{"environment":"Prod_francecentral_prod-s01-062-eur-francecentral", "migrationStage":"NotStarted", "server":"akswtt00600003k"}}
{"logTime": "0324/034327", "correlationVector":"i0BuDVleeB01lTKMeB+dvj.2","action":"ProcessGetUpdates", "result":"Done", "context":{"dataType":"Sessions", "deleted":"1", "process_failed_to_decrypt":"0", "process_pending_decryption":"0", "process_success":"5", "total":"5"}}
{"logTime": "0324/034327", "correlationVector":"i0BuDVleeB01lTKMeB+dvj.3","action":"ProcessGetUpdates", "result":"Done", "context":{"dataType":"History", "deleted":"0", "process_failed_to_decrypt":"0", "process_pending_decryption":"0", "process_success":"1", "total":"1"}}
{"logTime": "0324/034327", "correlationVector":"i0BuDVleeB01lTKMeB+dvj.4","action":"GetUpdates Response", "result":"Success", "context":Received 6 update(s). cV=i0BuDVleeB01lTKMeB+dvj.0;server=akswtt00600003k;cloudType=Consumer;environment=Prod_francecentral_prod-s01-062-eur-francecentral;migrationStage=NotStarted}
{"logTime": "0324/034329", "correlationVector":"19bDw6s7455SFItqBB6rn+","action":"Normal GetUpdate request", "result":"", "context":cV=19bDw6s7455SFItqBB6rn+
Notified types: Device Info}
{"logTime": "0324/034329", "correlationVector":"19bDw6s7455SFItqBB6rn+.1","action":"SyncServerConnectionManagerRequest", "result":"SYNC_SERVER_OK", "context":{"environment":"Prod_francecentral_prod-s01-062-eur-francecentral", "migrationStage":"NotStarted", "server":"akswtt006000021"}}
{"logTime": "0324/034329", "correlationVector":"19bDw6s7455SFItqBB6rn+.2","action":"ProcessGetUpdates", "result":"Done", "context":{"dataType":"Device Info", "deleted":"0", "process_failed_to_decrypt":"0", "process_pending_decryption":"0", "process_success":"1", "total":"1"}}
{"logTime": "0324/034329", "correlationVector":"19bDw6s7455SFItqBB6rn+.3","action":"GetUpdates Response", "result":"Success", "context":Received 1 update(s). cV=19bDw6s7455SFItqBB6rn+.0;server=akswtt006000021;cloudType=Consumer;environment=Prod_francecentral_prod-s01-062-eur-francecentral;migrationStage=NotStarted}
{"logTime": "0324/034405", "correlationVector":"VKiYUSaJliu2VQdS+UA+Cm","action":"Normal GetUpdate request", "result":"", "context":cV=VKiYUSaJliu2VQdS+UA+Cm
Notified types: Device Info}
{"logTime": "0324/034406", "correlationVector":"VKiYUSaJliu2VQdS+UA+Cm.1","action":"SyncServerConnectionManagerRequest", "result":"SYNC_SERVER_OK", "context":{"environment":"Prod_francecentral_prod-s01-062-eur-francecentral", "migrationStage":"NotStarted", "server":"akswtt00600002b"}}
{"logTime": "0324/034406", "correlationVector":"VKiYUSaJliu2VQdS+UA+Cm.2","action":"ProcessGetUpdates", "result":"Done", "context":{"dataType":"Sessions", "deleted":"0", "process_failed_to_decrypt":"0", "process_pending_decryption":"0", "process_success":"1", "total":"1"}}
{"logTime": "0324/034406", "correlationVector":"VKiYUSaJliu2VQdS+UA+Cm.3","action":"ProcessGetUpdates", "result":"Done", "context":{"dataType":"Device Info", "deleted":"0", "process_failed_to_decrypt":"0", "process_pending_decryption":"0", "process_success":"1", "total":"1"}}
{"logTime": "0324/034406", "correlationVector":"VKiYUSaJliu2VQdS+UA+Cm.4","action":"GetUpdates Response", "result":"Success", "context":Received 2 update(s). cV=VKiYUSaJliu2VQdS+UA+Cm.0;server=akswtt00600002b;cloudType=Consumer;environment=Prod_francecentral_prod-s01-062-eur-francecentral;migrationStage=NotStarted}
{"logTime": "0324/035133", "correlationVector":"l4bwSzToakHCFTJ4RHdX3q","action":"Commit Request", "result":"", "context":Item count: 1
Contributing types: Sessions}
{"logTime": "0324/035134", "correlationVector":"l4bwSzToakHCFTJ4RHdX3q.1","action":"SyncServerConnectionManagerRequest", "result":"SYNC_SERVER_OK", "context":{"environment":"Prod_francecentral_prod-s01-062-eur-francecentral", "migrationStage":"NotStarted", "server":"akswtt00600004a"}}
{"logTime": "0324/035134", "correlationVector":"l4bwSzToakHCFTJ4RHdX3q.2","action":"Commit Response", "result":"Success", "context":Result: Success. cV=l4bwSzToakHCFTJ4RHdX3q.0;server=akswtt00600004a;cloudType=Consumer;environment=Prod_francecentral_prod-s01-062-eur-francecentral;migrationStage=NotStarted}
{"logTime": "0324/035729", "correlationVector":"Rv6/nciGnGabespvZll2Ii","action":"Normal GetUpdate request", "result":"", "context":cV=Rv6/nciGnGabespvZll2Ii
Notified types: History}
{"logTime": "0324/035730", "correlationVector":"Rv6/nciGnGabespvZll2Ii.1","action":"SyncServerConnectionManagerRequest", "result":"SYNC_SERVER_OK", "context":{"environment":"Prod_francecentral_prod-s01-062-eur-francecentral", "migrationStage":"NotStarted", "server":"akswtt00600000r"}}
{"logTime": "0324/035730", "correlationVector":"Rv6/nciGnGabespvZll2Ii.2","action":"ProcessGetUpdates", "result":"Done", "context":{"dataType":"Sessions", "deleted":"0", "process_failed_to_decrypt":"0", "process_pending_decryption":"0", "process_success":"4", "total":"4"}}
{"logTime": "0324/035730", "correlationVector":"Rv6/nciGnGabespvZll2Ii.3","action":"ProcessGetUpdates", "result":"Done", "context":{"dataType":"History", "deleted":"0", "process_failed_to_decrypt":"0", "process_pending_decryption":"0", "process_success":"7", "total":"7"}}
{"logTime": "0324/035730", "correlationVector":"Rv6/nciGnGabespvZll2Ii.4","action":"GetUpdates Response", "result":"Success", "context":Received 11 update(s). cV=Rv6/nciGnGabespvZll2Ii.0;server=akswtt00600000r;cloudType=Consumer;environment=Prod_francecentral_prod-s01-062-eur-francecentral;migrationStage=NotStarted}
{"logTime": "0324/040136", "correlationVector":"vJTT0ZdixJOU22/zJrvWty.1","action":"SyncServerConnectionManagerRequest", "result":"SYNC_SERVER_OK", "context":{"environment":"Prod_francecentral_prod-s01-062-eur-francecentral", "migrationStage":"NotStarted", "server":"akswtt00600002m"}}
{"logTime": "0324/040136", "correlationVector":"vJTT0ZdixJOU22/zJrvWty.2","action":"ProcessGetUpdates", "result":"Done", "context":{"dataType":"Encryption Keys", "deleted":"0", "process_failed_to_decrypt":"0", "process_pending_decryption":"0", "process_success":"1", "total":"1"}}
{"logTime": "0324/040136", "correlationVector":"4xgOQmCxkUG+cewhB3+vkc","action":"SyncServerConnectionManagerRequest", "result":"SYNC_SERVER_OK", "context":{"environment":"", "migrationStage":"", "server":""}}
{"logTime": "0324/040136", "correlationVector":"4xgOQmCxkUG+cewhB3+vkc.0","action":"EncryptionKeysFetcher.DownloadKeys:", "result":"Success", "context":Key count: 3, Last key timestamp: 2024-11-29T11:50:44Z}
{"logTime": "0324/040136", "correlationVector":"4xgOQmCxkUG+cewhB3+vkc.1","action":"EncryptionKeysManager::SetEncryptionKeys:", "result":"Success", "context":Key names[3]:[c6IEnWE2rbeL+5y3b5sRP8yn4M/P2r2yu2KuVnRd9UjG4y1cVZkhYtNosTBy/SblqR5J4QFtwTYovPaH2lsB9Q==][FxMn3xtnME9Dvs9r0u9s5LlWJMKorgelVzp4gHa1DtDzo6PkvHECqm4JIqZBflEY0edAyqKdwXjAgnYOaLGzrA==][h6D5jzw35B595TPm3+LCcTr+RzSmOinjgdFUQ3lYOH8LRhKldjxMuFcliSnZPOKzB8H/DA5A5Caca3D5CmWJmQ==]}
{"logTime": "0324/040136", "correlationVector":"4xgOQmCxkUG+cewhB3+vkc.2","action":"EncryptionKeysManager::SetEncryptionKeysWithTimestamps:", "result":"Success", "context":Key timestamps[3]:[2023-12-03T20:01:24Z][2024-06-01T17:49:23Z][2024-11-29T11:50:44Z]}
{"logTime": "0324/040136", "correlationVector":"vJTT0ZdixJOU22/zJrvWty","action":"Initial GetUpdates", "result":"", "context":Reason: NEW_CLIENT. cV=vJTT0ZdixJOU22/zJrvWty}
{"logTime": "0324/040136", "correlationVector":"vJTT0ZdixJOU22/zJrvWty.3","action":"GetUpdates Response", "result":"Success", "context":Received 1 update(s). cV=vJTT0ZdixJOU22/zJrvWty.0;server=akswtt00600002m;cloudType=Consumer;environment=Prod_francecentral_prod-s01-062-eur-francecentral;migrationStage=NotStarted}
{"logTime": "0324/040136", "correlationVector":"xANUFrNkaQ2SBXEcDP3zOy","action":"Initial GetUpdates", "result":"", "context":Reason: NEWLY_SUPPORTED_DATATYPE. cV=xANUFrNkaQ2SBXEcDP3zOy}
{"logTime": "0324/040137", "correlationVector":"xANUFrNkaQ2SBXEcDP3zOy.1","action":"SyncServerConnectionManagerRequest", "result":"SYNC_SERVER_OK", "context":{"environment":"Prod_francecentral_prod-s01-062-eur-francecentral", "migrationStage":"NotStarted", "server":"akswtt00600001z"}}
{"logTime": "0324/040137", "correlationVector":"xANUFrNkaQ2SBXEcDP3zOy.2","action":"ProcessGetUpdates", "result":"Done", "context":{"dataType":"Passwords", "deleted":"20", "process_failed_to_decrypt":"0", "process_pending_decryption":"0", "process_success":"79", "total":"79"}}
{"logTime": "0324/040137", "correlationVector":"xANUFrNkaQ2SBXEcDP3zOy.3","action":"GetUpdates Response", "result":"Success", "context":Received 79 update(s). cV=xANUFrNkaQ2SBXEcDP3zOy.0;server=akswtt00600001z;cloudType=Consumer;environment=Prod_francecentral_prod-s01-062-eur-francecentral;migrationStage=NotStarted}
{"logTime": "0324/040137", "correlationVector":"lP3bhjLhCO1dHo126Nn/fI","action":"Normal GetUpdate request", "result":"", "context":cV=lP3bhjLhCO1dHo126Nn/fI
Nudged types: Sessions, History
Refresh requested types: Bookmarks, Preferences, Passwords, Autofill Profiles, Autofill, Extensions, Sessions, Extension settings, History Delete Directives, Device Info, User Consents, Send Tab To Self, Web Apps, History, Collection, Edge E Drop, Edge Hub App Usage, Edge Tab Group, Edge Wallet, Encryption Keys}
{"logTime": "0324/040138", "correlationVector":"lP3bhjLhCO1dHo126Nn/fI.1","action":"SyncServerConnectionManagerRequest", "result":"SYNC_SERVER_OK", "context":{"environment":"Prod_francecentral_prod-s01-062-eur-francecentral", "migrationStage":"NotStarted", "server":"akswtt006000046"}}
{"logTime": "0324/040138", "correlationVector":"lP3bhjLhCO1dHo126Nn/fI.2","action":"GetUpdates Response", "result":"Success", "context":Received 0 update(s). cV=lP3bhjLhCO1dHo126Nn/fI.0;server=akswtt006000046;cloudType=Consumer;environment=Prod_francecentral_prod-s01-062-eur-francecentral;migrationStage=NotStarted}
{"logTime": "0324/040138", "correlationVector":"FiMZUv5/mOeQG5C62rZDZE","action":"Commit Request", "result":"", "context":Item count: 4
Contributing types: Sessions, History}
{"logTime": "0324/040139", "correlationVector":"FiMZUv5/mOeQG5C62rZDZE.1","action":"SyncServerConnectionManagerRequest", "result":"SYNC_SERVER_OK", "context":{"environment":"Prod_francecentral_prod-s01-062-eur-francecentral", "migrationStage":"NotStarted", "server":"akswtt00600000t"}}
{"logTime": "0324/040139", "correlationVector":"FiMZUv5/mOeQG5C62rZDZE.2","action":"Commit Response", "result":"Success", "context":Result: Success. cV=FiMZUv5/mOeQG5C62rZDZE.0;server=akswtt00600000t;cloudType=Consumer;environment=Prod_francecentral_prod-s01-062-eur-francecentral;migrationStage=NotStarted}
{"logTime": "0324/040144", "correlationVector":"k9X/rdxTWzdq9jDRzJreDt","action":"Commit Request", "result":"", "context":Item count: 4
Contributing types: Preferences, Sessions, History}
{"logTime": "0324/040145", "correlationVector":"k9X/rdxTWzdq9jDRzJreDt.1","action":"SyncServerConnectionManagerRequest", "result":"SYNC_SERVER_OK", "context":{"environment":"Prod_francecentral_prod-s01-062-eur-francecentral", "migrationStage":"NotStarted", "server":"akswtt00600001z"}}
{"logTime": "0324/040145", "correlationVector":"k9X/rdxTWzdq9jDRzJreDt.2","action":"Commit Response", "result":"Success", "context":Result: Success. cV=k9X/rdxTWzdq9jDRzJreDt.0;server=akswtt00600001z;cloudType=Consumer;environment=Prod_francecentral_prod-s01-062-eur-francecentral;migrationStage=NotStarted}
{"logTime": "0324/040145", "correlationVector":"k9X/rdxTWzdq9jDRzJreDt.3","action":"Commit.Sessions", "result":"Success", "context":{"id":"0d61fc29-a681-4a15-b430-193e6927089b", "isDeleted":"true", "size":"0", "version":"1742788899357"}}
{"logTime": "0324/040515", "correlationVector":"uD4qR929r0KtPzy+4UdUj6","action":"Commit Request", "result":"", "context":Item count: 1
Contributing types: Sessions}
{"logTime": "0324/040515", "correlationVector":"uD4qR929r0KtPzy+4UdUj6.1","action":"SyncServerConnectionManagerRequest", "result":"SYNC_SERVER_OK", "context":{"environment":"Prod_francecentral_prod-s01-062-eur-francecentral", "migrationStage":"NotStarted", "server":"akswtt006000046"}}
{"logTime": "0324/040515", "correlationVector":"uD4qR929r0KtPzy+4UdUj6.2","action":"Commit Response", "result":"Success", "context":Result: Success. cV=uD4qR929r0KtPzy+4UdUj6.0;server=akswtt006000046;cloudType=Consumer;environment=Prod_francecentral_prod-s01-062-eur-francecentral;migrationStage=NotStarted}
{"logTime": "0324/041147", "correlationVector":"9dFXexfDpVT3i6NKNdSYCe","action":"Commit Request", "result":"", "context":Item count: 3
Contributing types: Sessions, History}
{"logTime": "0324/041148", "correlationVector":"9dFXexfDpVT3i6NKNdSYCe.1","action":"SyncServerConnectionManagerRequest", "result":"SYNC_SERVER_OK", "context":{"environment":"Prod_francecentral_prod-s01-062-eur-francecentral", "migrationStage":"NotStarted", "server":"akswtt00600002y"}}
{"logTime": "0324/041148", "correlationVector":"9dFXexfDpVT3i6NKNdSYCe.2","action":"Commit Response", "result":"Success", "context":Result: Success. cV=9dFXexfDpVT3i6NKNdSYCe.0;server=akswtt00600002y;cloudType=Consumer;environment=Prod_francecentral_prod-s01-062-eur-francecentral;migrationStage=NotStarted}
{"logTime": "0324/042051", "correlationVector":"Uvp+zT8xoZ9XuyXMTA0APC","action":"Commit Request", "result":"", "context":Item count: 1
Contributing types: Sessions}
{"logTime": "0324/042052", "correlationVector":"Uvp+zT8xoZ9XuyXMTA0APC.1","action":"SyncServerConnectionManagerRequest", "result":"SYNC_SERVER_OK", "context":{"environment":"Prod_francecentral_prod-s01-062-eur-francecentral", "migrationStage":"NotStarted", "server":"akswtt00600001v"}}
{"logTime": "0324/042052", "correlationVector":"Uvp+zT8xoZ9XuyXMTA0APC.2","action":"Commit Response", "result":"Success", "context":Result: Success. cV=Uvp+zT8xoZ9XuyXMTA0APC.0;server=akswtt00600001v;cloudType=Consumer;environment=Prod_francecentral_prod-s01-062-eur-francecentral;migrationStage=NotStarted}
{"logTime": "0324/042237", "correlationVector":"e7a6suZLtt9MILMVSmPQ/R","action":"Commit Request", "result":"", "context":Item count: 4
Contributing types: Sessions, History}
{"logTime": "0324/042238", "correlationVector":"e7a6suZLtt9MILMVSmPQ/R.1","action":"SyncServerConnectionManagerRequest", "result":"SYNC_SERVER_OK", "context":{"environment":"Prod_francecentral_prod-s01-062-eur-francecentral", "migrationStage":"NotStarted", "server":"akswtt00600001v"}}
{"logTime": "0324/042238", "correlationVector":"e7a6suZLtt9MILMVSmPQ/R.2","action":"Commit Response", "result":"Success", "context":Result: Success. cV=e7a6suZLtt9MILMVSmPQ/R.0;server=akswtt00600001v;cloudType=Consumer;environment=Prod_francecentral_prod-s01-062-eur-francecentral;migrationStage=NotStarted}
{"logTime": "0324/042423", "correlationVector":"4JyCBnaM3/DCFC/bpWV0/t","action":"Commit Request", "result":"", "context":Item count: 1
Contributing types: Sessions}
{"logTime": "0324/042423", "correlationVector":"4JyCBnaM3/DCFC/bpWV0/t.1","action":"SyncServerConnectionManagerRequest", "result":"SYNC_SERVER_OK", "context":{"environment":"Prod_francecentral_prod-s01-062-eur-francecentral", "migrationStage":"NotStarted", "server":"akswtt006000016"}}
{"logTime": "0324/042423", "correlationVector":"4JyCBnaM3/DCFC/bpWV0/t.2","action":"Commit Response", "result":"Success", "context":Result: Success. cV=4JyCBnaM3/DCFC/bpWV0/t.0;server=akswtt006000016;cloudType=Consumer;environment=Prod_francecentral_prod-s01-062-eur-francecentral;migrationStage=NotStarted}
{"logTime": "0324/042959", "correlationVector":"sqqenXz6tN52s+DBKax4zp","action":"Commit Request", "result":"", "context":Item count: 1
Contributing types: Sessions}
{"logTime": "0324/043000", "correlationVector":"sqqenXz6tN52s+DBKax4zp.1","action":"SyncServerConnectionManagerRequest", "result":"SYNC_SERVER_OK", "context":{"environment":"Prod_francecentral_prod-s01-062-eur-francecentral", "migrationStage":"NotStarted", "server":"akswtt00600000r"}}
{"logTime": "0324/043000", "correlationVector":"sqqenXz6tN52s+DBKax4zp.2","action":"Commit Response", "result":"Success", "context":Result: Success. cV=sqqenXz6tN52s+DBKax4zp.0;server=akswtt00600000r;cloudType=Consumer;environment=Prod_francecentral_prod-s01-062-eur-francecentral;migrationStage=NotStarted}
{"logTime": "0324/043909", "correlationVector":"FbXVanqUC/r4r0Ihn87+se","action":"Commit Request", "result":"", "context":Item count: 1
Contributing types: Sessions}
{"logTime": "0324/043909", "correlationVector":"FbXVanqUC/r4r0Ihn87+se.1","action":"SyncServerConnectionManagerRequest", "result":"SYNC_SERVER_OK", "context":{"environment":"Prod_francecentral_prod-s01-062-eur-francecentral", "migrationStage":"NotStarted", "server":"akswtt00600003h"}}
{"logTime": "0324/043909", "correlationVector":"FbXVanqUC/r4r0Ihn87+se.2","action":"Commit Response", "result":"Success", "context":Result: Success. cV=FbXVanqUC/r4r0Ihn87+se.0;server=akswtt00600003h;cloudType=Consumer;environment=Prod_francecentral_prod-s01-062-eur-francecentral;migrationStage=NotStarted}
{"logTime": "0324/044508", "correlationVector":"qeIFDV8vMVlsjfIhjexzzU","action":"Normal GetUpdate request", "result":"", "context":cV=qeIFDV8vMVlsjfIhjexzzU
Notified types: Device Info, History}
{"logTime": "0324/044509", "correlationVector":"qeIFDV8vMVlsjfIhjexzzU.1","action":"SyncServerConnectionManagerRequest", "result":"SYNC_SERVER_OK", "context":{"environment":"Prod_francecentral_prod-s01-062-eur-francecentral", "migrationStage":"NotStarted", "server":"akswtt00600000x"}}
{"logTime": "0324/044509", "correlationVector":"qeIFDV8vMVlsjfIhjexzzU.2","action":"ProcessGetUpdates", "result":"Done", "context":{"dataType":"Preferences", "deleted":"0", "process_failed_to_decrypt":"0", "process_pending_decryption":"0", "process_success":"1", "total":"1"}}
{"logTime": "0324/044509", "correlationVector":"qeIFDV8vMVlsjfIhjexzzU.3","action":"ProcessGetUpdates", "result":"Done", "context":{"dataType":"Sessions", "deleted":"1", "process_failed_to_decrypt":"0", "process_pending_decryption":"0", "process_success":"8", "total":"8"}}
{"logTime": "0324/044509", "correlationVector":"qeIFDV8vMVlsjfIhjexzzU.4","action":"ProcessGetUpdates", "result":"Done", "context":{"dataType":"Device Info", "deleted":"0", "process_failed_to_decrypt":"0", "process_pending_decryption":"0", "process_success":"1", "total":"1"}}
{"logTime": "0324/044509", "correlationVector":"qeIFDV8vMVlsjfIhjexzzU.5","action":"ProcessGetUpdates", "result":"Done", "context":{"dataType":"History", "deleted":"0", "process_failed_to_decrypt":"0", "process_pending_decryption":"0", "process_success":"7", "total":"7"}}
{"logTime": "0324/044509", "correlationVector":"qeIFDV8vMVlsjfIhjexzzU.6","action":"GetUpdates Response", "result":"Success", "context":Received 17 update(s). cV=qeIFDV8vMVlsjfIhjexzzU.0;server=akswtt00600000x;cloudType=Consumer;environment=Prod_francecentral_prod-s01-062-eur-francecentral;migrationStage=NotStarted}
{"logTime": "0324/044530", "correlationVector":"1T2YjPAIYZus+wCkcNHhf6","action":"Normal GetUpdate request", "result":"", "context":cV=1T2YjPAIYZus+wCkcNHhf6
Notified types: Device Info, History}
{"logTime": "0324/044530", "correlationVector":"1T2YjPAIYZus+wCkcNHhf6.1","action":"SyncServerConnectionManagerRequest", "result":"SYNC_SERVER_OK", "context":{"environment":"Prod_francecentral_prod-s01-062-eur-francecentral", "migrationStage":"NotStarted", "server":"akswtt00600001u"}}
{"logTime": "0324/044530", "correlationVector":"1T2YjPAIYZus+wCkcNHhf6.2","action":"ProcessGetUpdates", "result":"Done", "context":{"dataType":"Sessions", "deleted":"3", "process_failed_to_decrypt":"0", "process_pending_decryption":"0", "process_success":"5", "total":"5"}}
{"logTime": "0324/044530", "correlationVector":"1T2YjPAIYZus+wCkcNHhf6.3","action":"ProcessGetUpdates", "result":"Done", "context":{"dataType":"Device Info", "deleted":"0", "process_failed_to_decrypt":"0", "process_pending_decryption":"0", "process_success":"1", "total":"1"}}
{"logTime": "0324/044530", "correlationVector":"1T2YjPAIYZus+wCkcNHhf6.4","action":"ProcessGetUpdates", "result":"Done", "context":{"dataType":"History", "deleted":"0", "process_failed_to_decrypt":"0", "process_pending_decryption":"0", "process_success":"3", "total":"3"}}
{"logTime": "0324/044530", "correlationVector":"1T2YjPAIYZus+wCkcNHhf6.5","action":"GetUpdates Response", "result":"Success", "context":Received 9 update(s). cV=1T2YjPAIYZus+wCkcNHhf6.0;server=akswtt00600001u;cloudType=Consumer;environment=Prod_francecentral_prod-s01-062-eur-francecentral;migrationStage=NotStarted}
{"logTime": "0324/044703", "correlationVector":"tvCJ8pKnTwBF8Ho3BWGZ1I","action":"Normal GetUpdate request", "result":"", "context":cV=tvCJ8pKnTwBF8Ho3BWGZ1I
Notified types: History}
{"logTime": "0324/044703", "correlationVector":"tvCJ8pKnTwBF8Ho3BWGZ1I.1","action":"SyncServerConnectionManagerRequest", "result":"SYNC_SERVER_OK", "context":{"environment":"Prod_francecentral_prod-s01-062-eur-francecentral", "migrationStage":"NotStarted", "server":"akswtt00600000x"}}
{"logTime": "0324/044703", "correlationVector":"tvCJ8pKnTwBF8Ho3BWGZ1I.2","action":"ProcessGetUpdates", "result":"Done", "context":{"dataType":"Sessions", "deleted":"0", "process_failed_to_decrypt":"0", "process_pending_decryption":"0", "process_success":"1", "total":"1"}}
{"logTime": "0324/044703", "correlationVector":"tvCJ8pKnTwBF8Ho3BWGZ1I.3","action":"ProcessGetUpdates", "result":"Done", "context":{"dataType":"History", "deleted":"0", "process_failed_to_decrypt":"0", "process_pending_decryption":"0", "process_success":"5", "total":"5"}}
{"logTime": "0324/044703", "correlationVector":"tvCJ8pKnTwBF8Ho3BWGZ1I.4","action":"GetUpdates Response", "result":"Success", "context":Received 6 update(s). cV=tvCJ8pKnTwBF8Ho3BWGZ1I.0;server=akswtt00600000x;cloudType=Consumer;environment=Prod_francecentral_prod-s01-062-eur-francecentral;migrationStage=NotStarted}
{"logTime": "0324/050213", "correlationVector":"2c79drF/X3cgJHjDuIDGHk","action":"Normal GetUpdate request", "result":"", "context":cV=2c79drF/X3cgJHjDuIDGHk
Nudged types: Sessions
Notified types: History}
{"logTime": "0324/050214", "correlationVector":"2c79drF/X3cgJHjDuIDGHk.1","action":"SyncServerConnectionManagerRequest", "result":"SYNC_SERVER_OK", "context":{"environment":"Prod_francecentral_prod-s01-062-eur-francecentral", "migrationStage":"NotStarted", "server":"akswtt006000008"}}
{"logTime": "0324/050214", "correlationVector":"2c79drF/X3cgJHjDuIDGHk.2","action":"ProcessGetUpdates", "result":"Done", "context":{"dataType":"Sessions", "deleted":"0", "process_failed_to_decrypt":"0", "process_pending_decryption":"0", "process_success":"1", "total":"1"}}
{"logTime": "0324/050214", "correlationVector":"2c79drF/X3cgJHjDuIDGHk.3","action":"ProcessGetUpdates", "result":"Done", "context":{"dataType":"History", "deleted":"0", "process_failed_to_decrypt":"0", "process_pending_decryption":"0", "process_success":"2", "total":"2"}}
{"logTime": "0324/050214", "correlationVector":"2c79drF/X3cgJHjDuIDGHk.4","action":"GetUpdates Response", "result":"Success", "context":Received 3 update(s). cV=2c79drF/X3cgJHjDuIDGHk.0;server=akswtt006000008;cloudType=Consumer;environment=Prod_francecentral_prod-s01-062-eur-francecentral;migrationStage=NotStarted}
{"logTime": "0324/050214", "correlationVector":"GkEkRbqrQjl4TnEc3kPUBU","action":"Commit Request", "result":"", "context":Item count: 1
Contributing types: Sessions}
{"logTime": "0324/050214", "correlationVector":"GkEkRbqrQjl4TnEc3kPUBU.1","action":"SyncServerConnectionManagerRequest", "result":"SYNC_SERVER_OK", "context":{"environment":"Prod_francecentral_prod-s01-062-eur-francecentral", "migrationStage":"NotStarted", "server":"akswtt006000022"}}
{"logTime": "0324/050214", "correlationVector":"GkEkRbqrQjl4TnEc3kPUBU.2","action":"Commit Response", "result":"Success", "context":Result: Success. cV=GkEkRbqrQjl4TnEc3kPUBU.0;server=akswtt006000022;cloudType=Consumer;environment=Prod_francecentral_prod-s01-062-eur-francecentral;migrationStage=NotStarted}
{"logTime": "0324/050945", "correlationVector":"7WtYD/wkKwKURzjzQiWjKZ","action":"Normal GetUpdate request", "result":"", "context":cV=7WtYD/wkKwKURzjzQiWjKZ
Notified types: History}
{"logTime": "0324/050945", "correlationVector":"7WtYD/wkKwKURzjzQiWjKZ.1","action":"SyncServerConnectionManagerRequest", "result":"SYNC_SERVER_OK", "context":{"environment":"Prod_francecentral_prod-s01-062-eur-francecentral", "migrationStage":"NotStarted", "server":"akswtt00600003v"}}
{"logTime": "0324/050945", "correlationVector":"7WtYD/wkKwKURzjzQiWjKZ.2","action":"ProcessGetUpdates", "result":"Done", "context":{"dataType":"Sessions", "deleted":"0", "process_failed_to_decrypt":"0", "process_pending_decryption":"0", "process_success":"2", "total":"2"}}
{"logTime": "0324/050945", "correlationVector":"7WtYD/wkKwKURzjzQiWjKZ.3","action":"ProcessGetUpdates", "result":"Done", "context":{"dataType":"History", "deleted":"0", "process_failed_to_decrypt":"0", "process_pending_decryption":"0", "process_success":"2", "total":"2"}}
{"logTime": "0324/050945", "correlationVector":"7WtYD/wkKwKURzjzQiWjKZ.4","action":"GetUpdates Response", "result":"Success", "context":Received 4 update(s). cV=7WtYD/wkKwKURzjzQiWjKZ.0;server=akswtt00600003v;cloudType=Consumer;environment=Prod_francecentral_prod-s01-062-eur-francecentral;migrationStage=NotStarted}
{"logTime": "0324/051358", "correlationVector":"cEgJDPfaXH1XgC5rfkH/Eg","action":"Normal GetUpdate request", "result":"", "context":cV=cEgJDPfaXH1XgC5rfkH/Eg
Notified types: History}
{"logTime": "0324/051358", "correlationVector":"cEgJDPfaXH1XgC5rfkH/Eg.1","action":"SyncServerConnectionManagerRequest", "result":"SYNC_SERVER_OK", "context":{"environment":"Prod_francecentral_prod-s01-062-eur-francecentral", "migrationStage":"NotStarted", "server":"akswtt00600000s"}}
{"logTime": "0324/051358", "correlationVector":"cEgJDPfaXH1XgC5rfkH/Eg.2","action":"ProcessGetUpdates", "result":"Done", "context":{"dataType":"Sessions", "deleted":"0", "process_failed_to_decrypt":"0", "process_pending_decryption":"0", "process_success":"1", "total":"1"}}
{"logTime": "0324/051358", "correlationVector":"cEgJDPfaXH1XgC5rfkH/Eg.3","action":"ProcessGetUpdates", "result":"Done", "context":{"dataType":"History", "deleted":"0", "process_failed_to_decrypt":"0", "process_pending_decryption":"0", "process_success":"5", "total":"5"}}
{"logTime": "0324/051358", "correlationVector":"cEgJDPfaXH1XgC5rfkH/Eg.4","action":"GetUpdates Response", "result":"Success", "context":Received 6 update(s). cV=cEgJDPfaXH1XgC5rfkH/Eg.0;server=akswtt00600000s;cloudType=Consumer;environment=Prod_francecentral_prod-s01-062-eur-francecentral;migrationStage=NotStarted}
{"logTime": "0324/051747", "correlationVector":"bvBMZVs/Lr8+KqaQXiXwfg","action":"Normal GetUpdate request", "result":"", "context":cV=bvBMZVs/Lr8+KqaQXiXwfg
Nudged types: Sessions
Notified types: History}
{"logTime": "0324/051748", "correlationVector":"bvBMZVs/Lr8+KqaQXiXwfg.1","action":"SyncServerConnectionManagerRequest", "result":"SYNC_SERVER_OK", "context":{"environment":"Prod_francecentral_prod-s01-062-eur-francecentral", "migrationStage":"NotStarted", "server":"akswtt00600000d"}}
{"logTime": "0324/051748", "correlationVector":"bvBMZVs/Lr8+KqaQXiXwfg.2","action":"ProcessGetUpdates", "result":"Done", "context":{"dataType":"Sessions", "deleted":"0", "process_failed_to_decrypt":"0", "process_pending_decryption":"0", "process_success":"1", "total":"1"}}
{"logTime": "0324/051748", "correlationVector":"bvBMZVs/Lr8+KqaQXiXwfg.3","action":"ProcessGetUpdates", "result":"Done", "context":{"dataType":"History", "deleted":"0", "process_failed_to_decrypt":"0", "process_pending_decryption":"0", "process_success":"10", "total":"10"}}
{"logTime": "0324/051748", "correlationVector":"bvBMZVs/Lr8+KqaQXiXwfg.4","action":"GetUpdates Response", "result":"Success", "context":Received 11 update(s). cV=bvBMZVs/Lr8+KqaQXiXwfg.0;server=akswtt00600000d;cloudType=Consumer;environment=Prod_francecentral_prod-s01-062-eur-francecentral;migrationStage=NotStarted}
{"logTime": "0324/051748", "correlationVector":"/iqdZc9CWaG7ioLN+nvWKr","action":"Commit Request", "result":"", "context":Item count: 1
Contributing types: Sessions}
{"logTime": "0324/051748", "correlationVector":"/iqdZc9CWaG7ioLN+nvWKr.1","action":"SyncServerConnectionManagerRequest", "result":"SYNC_SERVER_OK", "context":{"environment":"Prod_francecentral_prod-s01-062-eur-francecentral", "migrationStage":"NotStarted", "server":"akswtt00600003h"}}
{"logTime": "0324/051748", "correlationVector":"/iqdZc9CWaG7ioLN+nvWKr.2","action":"Commit Response", "result":"Success", "context":Result: Success. cV=/iqdZc9CWaG7ioLN+nvWKr.0;server=akswtt00600003h;cloudType=Consumer;environment=Prod_francecentral_prod-s01-062-eur-francecentral;migrationStage=NotStarted}
{"logTime": "0324/051853", "correlationVector":"pvXwNuOEmzxjVmyJlcThd7","action":"Normal GetUpdate request", "result":"", "context":cV=pvXwNuOEmzxjVmyJlcThd7
Notified types: History}
{"logTime": "0324/051853", "correlationVector":"pvXwNuOEmzxjVmyJlcThd7.1","action":"SyncServerConnectionManagerRequest", "result":"SYNC_SERVER_OK", "context":{"environment":"Prod_francecentral_prod-s01-062-eur-francecentral", "migrationStage":"NotStarted", "server":"akswtt00600000r"}}
{"logTime": "0324/051853", "correlationVector":"pvXwNuOEmzxjVmyJlcThd7.2","action":"ProcessGetUpdates", "result":"Done", "context":{"dataType":"Sessions", "deleted":"0", "process_failed_to_decrypt":"0", "process_pending_decryption":"0", "process_success":"3", "total":"3"}}
{"logTime": "0324/051853", "correlationVector":"pvXwNuOEmzxjVmyJlcThd7.3","action":"ProcessGetUpdates", "result":"Done", "context":{"dataType":"History", "deleted":"0", "process_failed_to_decrypt":"0", "process_pending_decryption":"0", "process_success":"3", "total":"3"}}
{"logTime": "0324/051853", "correlationVector":"pvXwNuOEmzxjVmyJlcThd7.4","action":"GetUpdates Response", "result":"Success", "context":Received 6 update(s). cV=pvXwNuOEmzxjVmyJlcThd7.0;server=akswtt00600000r;cloudType=Consumer;environment=Prod_francecentral_prod-s01-062-eur-francecentral;migrationStage=NotStarted}
{"logTime": "0324/052029", "correlationVector":"ZLStECS3et7pUpviQxDv9Q","action":"Normal GetUpdate request", "result":"", "context":cV=ZLStECS3et7pUpviQxDv9Q
Notified types: History}
{"logTime": "0324/052029", "correlationVector":"ZLStECS3et7pUpviQxDv9Q.1","action":"SyncServerConnectionManagerRequest", "result":"SYNC_SERVER_OK", "context":{"environment":"Prod_francecentral_prod-s01-062-eur-francecentral", "migrationStage":"NotStarted", "server":"akswtt00600003b"}}
{"logTime": "0324/052029", "correlationVector":"ZLStECS3et7pUpviQxDv9Q.2","action":"ProcessGetUpdates", "result":"Done", "context":{"dataType":"Sessions", "deleted":"0", "process_failed_to_decrypt":"0", "process_pending_decryption":"0", "process_success":"1", "total":"1"}}
{"logTime": "0324/052029", "correlationVector":"ZLStECS3et7pUpviQxDv9Q.3","action":"ProcessGetUpdates", "result":"Done", "context":{"dataType":"History", "deleted":"0", "process_failed_to_decrypt":"0", "process_pending_decryption":"0", "process_success":"3", "total":"3"}}
{"logTime": "0324/052029", "correlationVector":"ZLStECS3et7pUpviQxDv9Q.4","action":"GetUpdates Response", "result":"Success", "context":Received 4 update(s). cV=ZLStECS3et7pUpviQxDv9Q.0;server=akswtt00600003b;cloudType=Consumer;environment=Prod_francecentral_prod-s01-062-eur-francecentral;migrationStage=NotStarted}
{"logTime": "0324/054300", "correlationVector":"plY85Ye+NPVhNCDfZxXWEQ","action":"Commit Request", "result":"", "context":Item count: 1
Contributing types: Sessions}
{"logTime": "0324/054301", "correlationVector":"plY85Ye+NPVhNCDfZxXWEQ.1","action":"SyncServerConnectionManagerRequest", "result":"SYNC_SERVER_OK", "context":{"environment":"Prod_francecentral_prod-s01-062-eur-francecentral", "migrationStage":"NotStarted", "server":"akswtt00600000o"}}
{"logTime": "0324/054301", "correlationVector":"plY85Ye+NPVhNCDfZxXWEQ.2","action":"Commit Response", "result":"Success", "context":Result: Success. cV=plY85Ye+NPVhNCDfZxXWEQ.0;server=akswtt00600000o;cloudType=Consumer;environment=Prod_francecentral_prod-s01-062-eur-francecentral;migrationStage=NotStarted}
{"logTime": "0324/054621", "correlationVector":"vSS6dxi2RSp7fUmWt4pZX8","action":"Normal GetUpdate request", "result":"", "context":cV=vSS6dxi2RSp7fUmWt4pZX8
Notified types: History}
{"logTime": "0324/054622", "correlationVector":"vSS6dxi2RSp7fUmWt4pZX8.1","action":"SyncServerConnectionManagerRequest", "result":"SYNC_SERVER_OK", "context":{"environment":"Prod_francecentral_prod-s01-062-eur-francecentral", "migrationStage":"NotStarted", "server":"akswtt00600000m"}}
{"logTime": "0324/054622", "correlationVector":"vSS6dxi2RSp7fUmWt4pZX8.2","action":"ProcessGetUpdates", "result":"Done", "context":{"dataType":"Sessions", "deleted":"0", "process_failed_to_decrypt":"0", "process_pending_decryption":"0", "process_success":"5", "total":"5"}}
{"logTime": "0324/054622", "correlationVector":"vSS6dxi2RSp7fUmWt4pZX8.3","action":"ProcessGetUpdates", "result":"Done", "context":{"dataType":"History", "deleted":"0", "process_failed_to_decrypt":"0", "process_pending_decryption":"0", "process_success":"1", "total":"1"}}
{"logTime": "0324/054622", "correlationVector":"vSS6dxi2RSp7fUmWt4pZX8.4","action":"GetUpdates Response", "result":"Success", "context":Received 6 update(s). cV=vSS6dxi2RSp7fUmWt4pZX8.0;server=akswtt00600000m;cloudType=Consumer;environment=Prod_francecentral_prod-s01-062-eur-francecentral;migrationStage=NotStarted}
{"logTime": "0324/054627", "correlationVector":"W5gJ76ZLHvl4En20snd5xD","action":"Normal GetUpdate request", "result":"", "context":cV=W5gJ76ZLHvl4En20snd5xD
Notified types: History}
{"logTime": "0324/054628", "correlationVector":"W5gJ76ZLHvl4En20snd5xD.1","action":"SyncServerConnectionManagerRequest", "result":"SYNC_SERVER_OK", "context":{"environment":"Prod_francecentral_prod-s01-062-eur-francecentral", "migrationStage":"NotStarted", "server":"akswtt00600003c"}}
{"logTime": "0324/054628", "correlationVector":"W5gJ76ZLHvl4En20snd5xD.2","action":"ProcessGetUpdates", "result":"Done", "context":{"dataType":"Sessions", "deleted":"0", "process_failed_to_decrypt":"0", "process_pending_decryption":"0", "process_success":"2", "total":"2"}}
{"logTime": "0324/054628", "correlationVector":"W5gJ76ZLHvl4En20snd5xD.3","action":"ProcessGetUpdates", "result":"Done", "context":{"dataType":"History", "deleted":"0", "process_failed_to_decrypt":"0", "process_pending_decryption":"0", "process_success":"1", "total":"1"}}
{"logTime": "0324/054628", "correlationVector":"W5gJ76ZLHvl4En20snd5xD.4","action":"GetUpdates Response", "result":"Success", "context":Received 3 update(s). cV=W5gJ76ZLHvl4En20snd5xD.0;server=akswtt00600003c;cloudType=Consumer;environment=Prod_francecentral_prod-s01-062-eur-francecentral;migrationStage=NotStarted}
{"logTime": "0324/055454", "correlationVector":"9IEhByZmgXbXuzZndmi0fJ","action":"Commit Request", "result":"", "context":Item count: 1
Contributing types: Sessions}
{"logTime": "0324/055455", "correlationVector":"9IEhByZmgXbXuzZndmi0fJ.1","action":"SyncServerConnectionManagerRequest", "result":"SYNC_SERVER_OK", "context":{"environment":"Prod_francecentral_prod-s01-062-eur-francecentral", "migrationStage":"NotStarted", "server":"akswtt00600000f"}}
{"logTime": "0324/055455", "correlationVector":"9IEhByZmgXbXuzZndmi0fJ.2","action":"Commit Response", "result":"Success", "context":Result: Success. cV=9IEhByZmgXbXuzZndmi0fJ.0;server=akswtt00600000f;cloudType=Consumer;environment=Prod_francecentral_prod-s01-062-eur-francecentral;migrationStage=NotStarted}
{"logTime": "0324/055507", "correlationVector":"2C4tWG26TiEaH8jknc5GRd","action":"Normal GetUpdate request", "result":"", "context":cV=2C4tWG26TiEaH8jknc5GRd
Notified types: History}
{"logTime": "0324/055508", "correlationVector":"2C4tWG26TiEaH8jknc5GRd.1","action":"SyncServerConnectionManagerRequest", "result":"SYNC_SERVER_OK", "context":{"environment":"Prod_francecentral_prod-s01-062-eur-francecentral", "migrationStage":"NotStarted", "server":"akswtt00600002e"}}
{"logTime": "0324/055508", "correlationVector":"2C4tWG26TiEaH8jknc5GRd.2","action":"ProcessGetUpdates", "result":"Done", "context":{"dataType":"Sessions", "deleted":"0", "process_failed_to_decrypt":"0", "process_pending_decryption":"0", "process_success":"3", "total":"3"}}
{"logTime": "0324/055508", "correlationVector":"2C4tWG26TiEaH8jknc5GRd.3","action":"ProcessGetUpdates", "result":"Done", "context":{"dataType":"History", "deleted":"0", "process_failed_to_decrypt":"0", "process_pending_decryption":"0", "process_success":"2", "total":"2"}}
{"logTime": "0324/055508", "correlationVector":"2C4tWG26TiEaH8jknc5GRd.4","action":"GetUpdates Response", "result":"Success", "context":Received 5 update(s). cV=2C4tWG26TiEaH8jknc5GRd.0;server=akswtt00600002e;cloudType=Consumer;environment=Prod_francecentral_prod-s01-062-eur-francecentral;migrationStage=NotStarted}
{"logTime": "0324/061149", "correlationVector":"uk09mnjqmaQSTz8j9nuUmS","action":"Commit Request", "result":"", "context":Item count: 1
Contributing types: Sessions}
{"logTime": "0324/061150", "correlationVector":"uk09mnjqmaQSTz8j9nuUmS.1","action":"SyncServerConnectionManagerRequest", "result":"SYNC_SERVER_OK", "context":{"environment":"Prod_francecentral_prod-s01-062-eur-francecentral", "migrationStage":"NotStarted", "server":"akswtt006000032"}}
{"logTime": "0324/061150", "correlationVector":"uk09mnjqmaQSTz8j9nuUmS.2","action":"Commit Response", "result":"Success", "context":Result: Success. cV=uk09mnjqmaQSTz8j9nuUmS.0;server=akswtt006000032;cloudType=Consumer;environment=Prod_francecentral_prod-s01-062-eur-francecentral;migrationStage=NotStarted}
{"logTime": "0324/061826", "correlationVector":"sE9no80vQBRP0ZljyLGIlo","action":"Normal GetUpdate request", "result":"", "context":cV=sE9no80vQBRP0ZljyLGIlo
Notified types: History}
{"logTime": "0324/061827", "correlationVector":"sE9no80vQBRP0ZljyLGIlo.1","action":"SyncServerConnectionManagerRequest", "result":"SYNC_SERVER_OK", "context":{"environment":"Prod_francecentral_prod-s01-062-eur-francecentral", "migrationStage":"NotStarted", "server":"akswtt00600000n"}}
{"logTime": "0324/061827", "correlationVector":"sE9no80vQBRP0ZljyLGIlo.2","action":"ProcessGetUpdates", "result":"Done", "context":{"dataType":"Sessions", "deleted":"0", "process_failed_to_decrypt":"0", "process_pending_decryption":"0", "process_success":"3", "total":"3"}}
{"logTime": "0324/061827", "correlationVector":"sE9no80vQBRP0ZljyLGIlo.3","action":"ProcessGetUpdates", "result":"Done", "context":{"dataType":"History", "deleted":"0", "process_failed_to_decrypt":"0", "process_pending_decryption":"0", "process_success":"2", "total":"2"}}
{"logTime": "0324/061827", "correlationVector":"sE9no80vQBRP0ZljyLGIlo.4","action":"GetUpdates Response", "result":"Success", "context":Received 5 update(s). cV=sE9no80vQBRP0ZljyLGIlo.0;server=akswtt00600000n;cloudType=Consumer;environment=Prod_francecentral_prod-s01-062-eur-francecentral;migrationStage=NotStarted}
{"logTime": "0324/062449", "correlationVector":"O0YOjtFYOZ3vY5U5Jpyn4B","action":"Commit Request", "result":"", "context":Item count: 1
Contributing types: Sessions}
{"logTime": "0324/062450", "correlationVector":"O0YOjtFYOZ3vY5U5Jpyn4B.1","action":"SyncServerConnectionManagerRequest", "result":"SYNC_SERVER_OK", "context":{"environment":"Prod_francecentral_prod-s01-062-eur-francecentral", "migrationStage":"NotStarted", "server":"akswtt00600003x"}}
{"logTime": "0324/062450", "correlationVector":"O0YOjtFYOZ3vY5U5Jpyn4B.2","action":"Commit Response", "result":"Success", "context":Result: Success. cV=O0YOjtFYOZ3vY5U5Jpyn4B.0;server=akswtt00600003x;cloudType=Consumer;environment=Prod_francecentral_prod-s01-062-eur-francecentral;migrationStage=NotStarted}
{"logTime": "0324/064419", "correlationVector":"bqTIIiScChDncjRnyhMGZN","action":"Normal GetUpdate request", "result":"", "context":cV=bqTIIiScChDncjRnyhMGZN
Notified types: Device Info}
{"logTime": "0324/064420", "correlationVector":"bqTIIiScChDncjRnyhMGZN.1","action":"SyncServerConnectionManagerRequest", "result":"SYNC_SERVER_OK", "context":{"environment":"Prod_francecentral_prod-s01-062-eur-francecentral", "migrationStage":"NotStarted", "server":"akswtt00600002j"}}
{"logTime": "0324/064420", "correlationVector":"bqTIIiScChDncjRnyhMGZN.2","action":"ProcessGetUpdates", "result":"Done", "context":{"dataType":"Sessions", "deleted":"0", "process_failed_to_decrypt":"0", "process_pending_decryption":"0", "process_success":"3", "total":"3"}}
{"logTime": "0324/064420", "correlationVector":"bqTIIiScChDncjRnyhMGZN.3","action":"ProcessGetUpdates", "result":"Done", "context":{"dataType":"Device Info", "deleted":"0", "process_failed_to_decrypt":"0", "process_pending_decryption":"0", "process_success":"1", "total":"1"}}
{"logTime": "0324/064420", "correlationVector":"bqTIIiScChDncjRnyhMGZN.4","action":"GetUpdates Response", "result":"Success", "context":Received 4 update(s). cV=bqTIIiScChDncjRnyhMGZN.0;server=akswtt00600002j;cloudType=Consumer;environment=Prod_francecentral_prod-s01-062-eur-francecentral;migrationStage=NotStarted}
{"logTime": "0324/064422", "correlationVector":"ARd/Pl+2i5cUzRmpI18pE/","action":"Normal GetUpdate request", "result":"", "context":cV=ARd/Pl+2i5cUzRmpI18pE/
Notified types: Preferences, Device Info}
{"logTime": "0324/064422", "correlationVector":"ARd/Pl+2i5cUzRmpI18pE/.1","action":"SyncServerConnectionManagerRequest", "result":"SYNC_SERVER_OK", "context":{"environment":"Prod_francecentral_prod-s01-062-eur-francecentral", "migrationStage":"NotStarted", "server":"akswtt00600003a"}}
{"logTime": "0324/064422", "correlationVector":"ARd/Pl+2i5cUzRmpI18pE/.2","action":"ProcessGetUpdates", "result":"Done", "context":{"dataType":"Preferences", "deleted":"0", "process_failed_to_decrypt":"0", "process_pending_decryption":"0", "process_success":"1", "total":"1"}}
{"logTime": "0324/064422", "correlationVector":"ARd/Pl+2i5cUzRmpI18pE/.3","action":"ProcessGetUpdates", "result":"Done", "context":{"dataType":"Device Info", "deleted":"0", "process_failed_to_decrypt":"0", "process_pending_decryption":"0", "process_success":"1", "total":"1"}}
{"logTime": "0324/064422", "correlationVector":"ARd/Pl+2i5cUzRmpI18pE/.4","action":"GetUpdates Response", "result":"Success", "context":Received 2 update(s). cV=ARd/Pl+2i5cUzRmpI18pE/.0;server=akswtt00600003a;cloudType=Consumer;environment=Prod_francecentral_prod-s01-062-eur-francecentral;migrationStage=NotStarted}
{"logTime": "0324/064526", "correlationVector":"5kK5D+UEmWvCARX345Q7CL","action":"Normal GetUpdate request", "result":"", "context":cV=5kK5D+UEmWvCARX345Q7CL
Notified types: History}
{"logTime": "0324/064526", "correlationVector":"5kK5D+UEmWvCARX345Q7CL.1","action":"SyncServerConnectionManagerRequest", "result":"SYNC_SERVER_OK", "context":{"environment":"Prod_francecentral_prod-s01-062-eur-francecentral", "migrationStage":"NotStarted", "server":"akswtt006000039"}}
{"logTime": "0324/064526", "correlationVector":"5kK5D+UEmWvCARX345Q7CL.2","action":"ProcessGetUpdates", "result":"Done", "context":{"dataType":"Sessions", "deleted":"0", "process_failed_to_decrypt":"0", "process_pending_decryption":"0", "process_success":"3", "total":"3"}}
{"logTime": "0324/064526", "correlationVector":"5kK5D+UEmWvCARX345Q7CL.3","action":"ProcessGetUpdates", "result":"Done", "context":{"dataType":"History", "deleted":"0", "process_failed_to_decrypt":"0", "process_pending_decryption":"0", "process_success":"3", "total":"3"}}
{"logTime": "0324/064526", "correlationVector":"5kK5D+UEmWvCARX345Q7CL.4","action":"GetUpdates Response", "result":"Success", "context":Received 6 update(s). cV=5kK5D+UEmWvCARX345Q7CL.0;server=akswtt006000039;cloudType=Consumer;environment=Prod_francecentral_prod-s01-062-eur-francecentral;migrationStage=NotStarted}
{"logTime": "0324/065327", "correlationVector":"uYVejpp/3hvXAWPEfAVL4J","action":"Normal GetUpdate request", "result":"", "context":cV=uYVejpp/3hvXAWPEfAVL4J
Notified types: Device Info}
{"logTime": "0324/065328", "correlationVector":"uYVejpp/3hvXAWPEfAVL4J.1","action":"SyncServerConnectionManagerRequest", "result":"SYNC_SERVER_OK", "context":{"environment":"Prod_francecentral_prod-s01-062-eur-francecentral", "migrationStage":"NotStarted", "server":"akswtt00600003k"}}
{"logTime": "0324/065328", "correlationVector":"uYVejpp/3hvXAWPEfAVL4J.2","action":"ProcessGetUpdates", "result":"Done", "context":{"dataType":"Sessions", "deleted":"1", "process_failed_to_decrypt":"0", "process_pending_decryption":"0", "process_success":"1", "total":"1"}}
{"logTime": "0324/065328", "correlationVector":"uYVejpp/3hvXAWPEfAVL4J.3","action":"ProcessGetUpdates", "result":"Done", "context":{"dataType":"Device Info", "deleted":"0", "process_failed_to_decrypt":"0", "process_pending_decryption":"0", "process_success":"1", "total":"1"}}
{"logTime": "0324/065328", "correlationVector":"uYVejpp/3hvXAWPEfAVL4J.4","action":"GetUpdates Response", "result":"Success", "context":Received 2 update(s). cV=uYVejpp/3hvXAWPEfAVL4J.0;server=akswtt00600003k;cloudType=Consumer;environment=Prod_francecentral_prod-s01-062-eur-francecentral;migrationStage=NotStarted}
{"logTime": "0324/065331", "correlationVector":"xPfbFbCDDJeA0bHRXiAyaN","action":"Normal GetUpdate request", "result":"", "context":cV=xPfbFbCDDJeA0bHRXiAyaN
Notified types: Device Info, History}
{"logTime": "0324/065331", "correlationVector":"xPfbFbCDDJeA0bHRXiAyaN.1","action":"SyncServerConnectionManagerRequest", "result":"SYNC_SERVER_OK", "context":{"environment":"Prod_francecentral_prod-s01-062-eur-francecentral", "migrationStage":"NotStarted", "server":"akswtt00600000d"}}
{"logTime": "0324/065331", "correlationVector":"xPfbFbCDDJeA0bHRXiAyaN.2","action":"ProcessGetUpdates", "result":"Done", "context":{"dataType":"Sessions", "deleted":"0", "process_failed_to_decrypt":"0", "process_pending_decryption":"0", "process_success":"2", "total":"2"}}
{"logTime": "0324/065331", "correlationVector":"xPfbFbCDDJeA0bHRXiAyaN.3","action":"ProcessGetUpdates", "result":"Done", "context":{"dataType":"Device Info", "deleted":"0", "process_failed_to_decrypt":"0", "process_pending_decryption":"0", "process_success":"1", "total":"1"}}
{"logTime": "0324/065331", "correlationVector":"xPfbFbCDDJeA0bHRXiAyaN.4","action":"ProcessGetUpdates", "result":"Done", "context":{"dataType":"History", "deleted":"0", "process_failed_to_decrypt":"0", "process_pending_decryption":"0", "process_success":"1", "total":"1"}}
{"logTime": "0324/065331", "correlationVector":"xPfbFbCDDJeA0bHRXiAyaN.5","action":"GetUpdates Response", "result":"Success", "context":Received 4 update(s). cV=xPfbFbCDDJeA0bHRXiAyaN.0;server=akswtt00600000d;cloudType=Consumer;environment=Prod_francecentral_prod-s01-062-eur-francecentral;migrationStage=NotStarted}
{"logTime": "0324/065433", "correlationVector":"94H1EOdjtTbgVqhXrOJUMm","action":"Normal GetUpdate request", "result":"", "context":cV=94H1EOdjtTbgVqhXrOJUMm
Notified types: History}
{"logTime": "0324/065434", "correlationVector":"94H1EOdjtTbgVqhXrOJUMm.1","action":"SyncServerConnectionManagerRequest", "result":"SYNC_SERVER_OK", "context":{"environment":"Prod_francecentral_prod-s01-062-eur-francecentral", "migrationStage":"NotStarted", "server":"akswtt00600003k"}}
{"logTime": "0324/065434", "correlationVector":"94H1EOdjtTbgVqhXrOJUMm.2","action":"ProcessGetUpdates", "result":"Done", "context":{"dataType":"Sessions", "deleted":"0", "process_failed_to_decrypt":"0", "process_pending_decryption":"0", "process_success":"1", "total":"1"}}
{"logTime": "0324/065434", "correlationVector":"94H1EOdjtTbgVqhXrOJUMm.3","action":"ProcessGetUpdates", "result":"Done", "context":{"dataType":"History", "deleted":"0", "process_failed_to_decrypt":"0", "process_pending_decryption":"0", "process_success":"4", "total":"4"}}
{"logTime": "0324/065434", "correlationVector":"94H1EOdjtTbgVqhXrOJUMm.4","action":"GetUpdates Response", "result":"Success", "context":Received 5 update(s). cV=94H1EOdjtTbgVqhXrOJUMm.0;server=akswtt00600003k;cloudType=Consumer;environment=Prod_francecentral_prod-s01-062-eur-francecentral;migrationStage=NotStarted}
{"logTime": "0324/065547", "correlationVector":"j5af4+pv9pkPkwxcp10dNk","action":"Normal GetUpdate request", "result":"", "context":cV=j5af4+pv9pkPkwxcp10dNk
Notified types: History}
{"logTime": "0324/065547", "correlationVector":"j5af4+pv9pkPkwxcp10dNk.1","action":"SyncServerConnectionManagerRequest", "result":"SYNC_SERVER_OK", "context":{"environment":"Prod_francecentral_prod-s01-062-eur-francecentral", "migrationStage":"NotStarted", "server":"akswtt00600003f"}}
{"logTime": "0324/065547", "correlationVector":"j5af4+pv9pkPkwxcp10dNk.2","action":"ProcessGetUpdates", "result":"Done", "context":{"dataType":"Sessions", "deleted":"0", "process_failed_to_decrypt":"0", "process_pending_decryption":"0", "process_success":"1", "total":"1"}}
{"logTime": "0324/065547", "correlationVector":"j5af4+pv9pkPkwxcp10dNk.3","action":"ProcessGetUpdates", "result":"Done", "context":{"dataType":"History", "deleted":"0", "process_failed_to_decrypt":"0", "process_pending_decryption":"0", "process_success":"3", "total":"3"}}
{"logTime": "0324/065547", "correlationVector":"j5af4+pv9pkPkwxcp10dNk.4","action":"GetUpdates Response", "result":"Success", "context":Received 4 update(s). cV=j5af4+pv9pkPkwxcp10dNk.0;server=akswtt00600003f;cloudType=Consumer;environment=Prod_francecentral_prod-s01-062-eur-francecentral;migrationStage=NotStarted}
{"logTime": "0324/071139", "correlationVector":"p/dHGOHI/9w7uH8TJpqYoQ","action":"Normal GetUpdate request", "result":"", "context":cV=p/dHGOHI/9w7uH8TJpqYoQ
Notified types: History}
{"logTime": "0324/071140", "correlationVector":"p/dHGOHI/9w7uH8TJpqYoQ.1","action":"SyncServerConnectionManagerRequest", "result":"SYNC_SERVER_OK", "context":{"environment":"Prod_francecentral_prod-s01-062-eur-francecentral", "migrationStage":"NotStarted", "server":"akswtt006000049"}}
{"logTime": "0324/071140", "correlationVector":"p/dHGOHI/9w7uH8TJpqYoQ.2","action":"ProcessGetUpdates", "result":"Done", "context":{"dataType":"Sessions", "deleted":"1", "process_failed_to_decrypt":"0", "process_pending_decryption":"0", "process_success":"3", "total":"3"}}
{"logTime": "0324/071140", "correlationVector":"p/dHGOHI/9w7uH8TJpqYoQ.3","action":"ProcessGetUpdates", "result":"Done", "context":{"dataType":"History", "deleted":"0", "process_failed_to_decrypt":"0", "process_pending_decryption":"0", "process_success":"1", "total":"1"}}
{"logTime": "0324/071140", "correlationVector":"p/dHGOHI/9w7uH8TJpqYoQ.4","action":"GetUpdates Response", "result":"Success", "context":Received 4 update(s). cV=p/dHGOHI/9w7uH8TJpqYoQ.0;server=akswtt006000049;cloudType=Consumer;environment=Prod_francecentral_prod-s01-062-eur-francecentral;migrationStage=NotStarted}
