2025-03-24 03:29:54.616: [INFO][Sync] Reset engine, reason: 8
2025-03-24 03:29:54.616: [INFO][Sync] Stopped: Bookmarks
2025-03-24 03:29:54.616: [INFO][Sync] Stopped: Preferences
2025-03-24 03:29:54.616: [INFO][Sync] Stopped: Passwords
2025-03-24 03:29:54.616: [INFO][Sync] Stopped: Autofill Profiles
2025-03-24 03:29:54.616: [INFO][Sync] Stopped: Autofill
2025-03-24 03:29:54.616: [INFO][Sync] Stopped: Extensions
2025-03-24 03:29:54.616: [INFO][Sync] Stopped: Sessions
2025-03-24 03:29:54.616: [INFO][Sync] Stopped: Extension settings
2025-03-24 03:29:54.616: [INFO][Sync] Stopped: History Delete Directives
2025-03-24 03:29:54.616: [INFO][Sync] Stopped: Device Info
2025-03-24 03:29:54.616: [INFO][Sync] Stopped: User Consents
2025-03-24 03:29:54.616: [INFO][Sync] Stopped: Send Tab To Self
2025-03-24 03:29:54.616: [INFO][Sync] Stopped: Web Apps
2025-03-24 03:29:54.616: [INFO][Sync] Stopped: History
2025-03-24 03:29:54.616: [INFO][Sync] Stopped: Collection
2025-03-24 03:29:54.616: [INFO][Sync] Stopped: Edge E Drop
2025-03-24 03:29:54.616: [INFO][Sync] Stopped: Edge Hub App Usage
2025-03-24 03:29:54.616: [INFO][Sync] Stopped: Edge Tab Group
2025-03-24 03:29:54.616: [INFO][Sync] Stopped: Edge Wallet
2025-03-24 03:29:54.616: [INFO][Sync] SyncState after authenticated was: NotSignedIn
2025-03-24 03:29:54.957: [INFO][Sync] Reset engine, reason: 8
2025-03-24 03:29:54.957: [INFO][Sync] Stopped: Bookmarks
2025-03-24 03:29:54.957: [INFO][Sync] Stopped: Preferences
2025-03-24 03:29:54.957: [INFO][Sync] Stopped: Passwords
2025-03-24 03:29:54.957: [INFO][Sync] Stopped: Autofill Profiles
2025-03-24 03:29:54.957: [INFO][Sync] Stopped: Autofill
2025-03-24 03:29:54.957: [INFO][Sync] Stopped: Extensions
2025-03-24 03:29:54.957: [INFO][Sync] Stopped: Sessions
2025-03-24 03:29:54.957: [INFO][Sync] Stopped: Extension settings
2025-03-24 03:29:54.957: [INFO][Sync] Stopped: History Delete Directives
2025-03-24 03:29:54.957: [INFO][Sync] Stopped: Device Info
2025-03-24 03:29:54.957: [INFO][Sync] Stopped: User Consents
2025-03-24 03:29:54.957: [INFO][Sync] Stopped: Send Tab To Self
2025-03-24 03:29:54.957: [INFO][Sync] Stopped: Web Apps
2025-03-24 03:29:54.957: [INFO][Sync] Stopped: History
2025-03-24 03:29:54.957: [INFO][Sync] Stopped: Collection
2025-03-24 03:29:54.957: [INFO][Sync] Stopped: Edge E Drop
2025-03-24 03:29:54.957: [INFO][Sync] Stopped: Edge Hub App Usage
2025-03-24 03:29:54.957: [INFO][Sync] Stopped: Edge Tab Group
2025-03-24 03:29:54.957: [INFO][Sync] Stopped: Edge Wallet
2025-03-24 03:29:55.374: [INFO][Sync] Try to start sync engine
2025-03-24 03:29:55.375: [INFO][SyncManagerImpl::NudgeForInitialDownload] Initial download nudge for Encryption Keys
2025-03-24 03:29:55.375: [INFO][SyncEngineBackend::LoadAndConnectNigoriController] Load and connect Nigori controller
2025-03-24 03:29:55.375: [INFO][SyncEngineBackend::DoInitialize] Control Types added: Encryption Keys
2025-03-24 03:29:55.375: [INFO][SyncManagerImpl::ConfigureSyncer] Types to download: Encryption Keys with reason: 3
2025-03-24 03:29:55.375: [INFO][SyncSchedulerImpl::DoConfigurationSyncCycleJob] Configure job was blocked
2025-03-24 03:29:55.539: [INFO][SyncAuthManager::SetLastAuthError] Current auth error: None
2025-03-24 03:29:55.539: [INFO][SyncAuthManager::EdgeLogTokenErrorState] Token error with: None for account type: MSA
2025-03-24 03:29:55.539: [INFO][Sync] Credentials changed for: EdgeSyncScopeNew
2025-03-24 03:29:56.998: [INFO][SyncAuthManager::SetLastAuthError] Current auth error: None
2025-03-24 03:29:56.998: [INFO][SyncAuthManager::EdgeLogTokenErrorState] Token error with: None for account type: MSA
2025-03-24 03:29:56.998: [INFO][Sync] Credentials changed for: EdgeSyncKeyDataScope
2025-03-24 03:29:56.998: [INFO][SyncEngineBackend::DoUpdateKeyDataCredentials] Update key data credentials
2025-03-24 03:29:56.998: [INFO][SyncEngineBackend::DoUpdateCredentials] Update credentials
2025-03-24 03:29:56.998: [INFO][SyncSchedulerImpl::DoConfigurationSyncCycleJob] Blocked types:  and types to download: Encryption Keys
2025-03-24 03:29:57.940: [INFO][Sync] Started DataTypeManager configuration, reason: 4
2025-03-24 03:29:57.940: [INFO][Sync] Configuring for: Bookmarks, Preferences, Passwords, Autofill Profiles, Autofill, Extensions, Sessions, Extension settings, History Delete Directives, Device Info, User Consents, Send Tab To Self, Web Apps, History, Collection, Edge E Drop, Edge Hub App Usage, Edge Tab Group, Edge Wallet, Encryption Keys, reason: 3, current state: 0
2025-03-24 03:29:57.940: [WARN][Sync] Crypto error data types: Passwords, Autofill Profiles, Autofill
2025-03-24 03:29:57.941: [INFO][Sync] Configure, desired: Bookmarks, Preferences, Extensions, Sessions, Extension settings, History Delete Directives, Device Info, User Consents, Send Tab To Self, Web Apps, History, Collection, Edge E Drop, Edge Hub App Usage, Edge Tab Group, Edge Wallet, Encryption Keys; Allow fail: Passwords, Autofill Profiles, Autofill
2025-03-24 03:29:57.941: [INFO][Sync] Loading: Bookmarks
2025-03-24 03:29:57.941: [INFO][Sync] Loading: Preferences
2025-03-24 03:29:57.941: [INFO][Sync] Loading: Extensions
2025-03-24 03:29:57.941: [INFO][Sync] Loading: Sessions
2025-03-24 03:29:57.941: [INFO][Sync] Loading: Extension settings
2025-03-24 03:29:57.941: [INFO][Sync] Loading: History Delete Directives
2025-03-24 03:29:57.941: [INFO][Sync] Loading: Device Info
2025-03-24 03:29:57.941: [INFO][Sync] Loading: User Consents
2025-03-24 03:29:57.941: [INFO][Sync] Loading: Send Tab To Self
2025-03-24 03:29:57.941: [INFO][Sync] Loading: Web Apps
2025-03-24 03:29:57.941: [INFO][Sync] Loading: History
2025-03-24 03:29:57.941: [INFO][Sync] Loading: Collection
2025-03-24 03:29:57.941: [INFO][Sync] Loading: Edge E Drop
2025-03-24 03:29:57.941: [INFO][Sync] Loading: Edge Hub App Usage
2025-03-24 03:29:57.941: [INFO][Sync] Loading: Edge Tab Group
2025-03-24 03:29:57.941: [INFO][Sync] Loading: Edge Wallet
2025-03-24 03:29:57.997: [INFO][Sync] All data types are ready for configure.
2025-03-24 03:29:58.287: [INFO][Sync] Started DataTypeManager configuration, reason: 5
2025-03-24 03:29:58.287: [INFO][Sync] Configuring for: Bookmarks, Preferences, Passwords, Autofill Profiles, Autofill, Extensions, Sessions, Extension settings, History Delete Directives, Device Info, User Consents, Send Tab To Self, Web Apps, History, Collection, Edge E Drop, Edge Hub App Usage, Edge Tab Group, Edge Wallet, Encryption Keys, reason: 5, current state: 1
2025-03-24 03:29:58.289: [INFO][SyncEngineBackend::DoStartConfiguration] Start configuration
2025-03-24 03:29:58.289: [INFO][SyncManagerImpl::NudgeForInitialDownload] Initial download nudge for Bookmarks
2025-03-24 03:29:58.289: [INFO][SyncManagerImpl::NudgeForInitialDownload] Initial download nudge for Preferences
2025-03-24 03:29:58.289: [INFO][SyncManagerImpl::NudgeForInitialDownload] Initial download nudge for Extensions
2025-03-24 03:29:58.289: [INFO][SyncManagerImpl::NudgeForInitialDownload] Initial download nudge for Sessions
2025-03-24 03:29:58.289: [INFO][SyncManagerImpl::NudgeForInitialDownload] Initial download nudge for Extension settings
2025-03-24 03:29:58.289: [INFO][SyncManagerImpl::NudgeForInitialDownload] Initial download nudge for History Delete Directives
2025-03-24 03:29:58.289: [INFO][SyncManagerImpl::NudgeForInitialDownload] Initial download nudge for Device Info
2025-03-24 03:29:58.289: [INFO][SyncManagerImpl::NudgeForInitialDownload] Initial download nudge for Send Tab To Self
2025-03-24 03:29:58.290: [INFO][SyncManagerImpl::NudgeForInitialDownload] Initial download nudge for Web Apps
2025-03-24 03:29:58.290: [INFO][SyncManagerImpl::NudgeForInitialDownload] Initial download nudge for History
2025-03-24 03:29:58.290: [INFO][SyncManagerImpl::NudgeForInitialDownload] Initial download nudge for Collection
2025-03-24 03:29:58.290: [INFO][SyncManagerImpl::NudgeForInitialDownload] Initial download nudge for Edge E Drop
2025-03-24 03:29:58.290: [INFO][SyncManagerImpl::NudgeForInitialDownload] Initial download nudge for Edge Hub App Usage
2025-03-24 03:29:58.290: [INFO][SyncManagerImpl::NudgeForInitialDownload] Initial download nudge for Edge Tab Group
2025-03-24 03:29:58.290: [INFO][SyncManagerImpl::NudgeForInitialDownload] Initial download nudge for Edge Wallet
2025-03-24 03:29:58.290: [INFO][SyncManagerImpl::ConfigureSyncer] Types to download:  with reason: 3
2025-03-24 03:29:58.290: [INFO][SyncEngineBackend::DoFinishConfigureDataTypes] Failed to download types:  and succeeded types: 
2025-03-24 03:29:58.290: [INFO][Sync] ConfigurationDone, failed: , succeeded: , remaining count: 4
2025-03-24 03:29:58.290: [WARN][Sync]     Reconfigure requested while configuration ongoing.
2025-03-24 03:29:58.290: [INFO][Sync] Configuring for: Bookmarks, Preferences, Passwords, Autofill Profiles, Autofill, Extensions, Sessions, Extension settings, History Delete Directives, Device Info, User Consents, Send Tab To Self, Web Apps, History, Collection, Edge E Drop, Edge Hub App Usage, Edge Tab Group, Edge Wallet, Encryption Keys, reason: 5, current state: 2
2025-03-24 03:29:58.290: [INFO][Sync] Configure, desired: Bookmarks, Preferences, Passwords, Autofill Profiles, Autofill, Extensions, Sessions, Extension settings, History Delete Directives, Device Info, User Consents, Send Tab To Self, Web Apps, History, Collection, Edge E Drop, Edge Hub App Usage, Edge Tab Group, Edge Wallet, Encryption Keys; Allow fail: 
2025-03-24 03:29:58.290: [INFO][Sync] Loading: Passwords
2025-03-24 03:29:58.291: [INFO][Sync] Loading: Autofill Profiles
2025-03-24 03:29:58.291: [INFO][Sync] Loading: Autofill
2025-03-24 03:29:58.291: [INFO][Sync] All data types are ready for configure.
2025-03-24 03:29:58.291: [INFO][SyncManagerImpl::NudgeForInitialDownload] Initial download nudge for Passwords
2025-03-24 03:29:58.291: [INFO][SyncManagerImpl::NudgeForInitialDownload] Initial download nudge for Autofill Profiles
2025-03-24 03:29:58.291: [INFO][SyncManagerImpl::NudgeForInitialDownload] Initial download nudge for Autofill
2025-03-24 03:29:58.291: [INFO][SyncManagerImpl::ConfigureSyncer] Types to download:  with reason: 5
2025-03-24 03:29:58.291: [INFO][SyncEngineBackend::DoFinishConfigureDataTypes] Failed to download types:  and succeeded types: 
2025-03-24 03:29:58.291: [INFO][Sync] ConfigurationDone, failed: , succeeded: , remaining count: 4
2025-03-24 03:29:58.291: [INFO][Sync] Prepare to configure types: Preferences, Passwords, Device Info, Send Tab To Self, Edge E Drop, Encryption Keys
2025-03-24 03:29:58.291: [INFO][SyncManagerImpl::ConfigureSyncer] Types to download: Preferences, Passwords, Device Info, Send Tab To Self, Edge E Drop, Encryption Keys with reason: 5
2025-03-24 03:29:58.291: [INFO][SyncSchedulerImpl::DoConfigurationSyncCycleJob] Blocked types:  and types to download: Preferences, Passwords, Device Info, Send Tab To Self, Edge E Drop, Encryption Keys
2025-03-24 03:29:59.531: [INFO][SyncEngineBackend::DoFinishConfigureDataTypes] Failed to download types:  and succeeded types: Preferences, Passwords, Device Info, Send Tab To Self, Edge E Drop, Encryption Keys
2025-03-24 03:29:59.532: [INFO][Sync] ConfigurationDone, failed: , succeeded: Preferences, Passwords, Device Info, Send Tab To Self, Edge E Drop, Encryption Keys, remaining count: 3
2025-03-24 03:29:59.532: [INFO][Sync] Prepare to configure types: Bookmarks, Encryption Keys
2025-03-24 03:29:59.532: [INFO][SyncManagerImpl::ConfigureSyncer] Types to download: Bookmarks, Encryption Keys with reason: 5
2025-03-24 03:29:59.532: [INFO][SyncSchedulerImpl::DoConfigurationSyncCycleJob] Blocked types:  and types to download: Bookmarks, Encryption Keys
2025-03-24 03:29:59.921: [INFO][SyncEngineBackend::DoFinishConfigureDataTypes] Failed to download types:  and succeeded types: Bookmarks, Encryption Keys
2025-03-24 03:29:59.934: [INFO][Sync] ConfigurationDone, failed: , succeeded: Bookmarks, Encryption Keys, remaining count: 2
2025-03-24 03:29:59.934: [INFO][Sync] Prepare to configure types: Autofill Profiles, Autofill, Extensions, Sessions, Extension settings, History Delete Directives, Web Apps, Collection, Edge Hub App Usage, Edge Tab Group, Edge Wallet, Encryption Keys
2025-03-24 03:29:59.934: [INFO][SyncManagerImpl::ConfigureSyncer] Types to download: Autofill Profiles, Autofill, Extensions, Sessions, Extension settings, History Delete Directives, Web Apps, Collection, Edge Hub App Usage, Edge Tab Group, Edge Wallet, Encryption Keys with reason: 5
2025-03-24 03:29:59.934: [INFO][SyncSchedulerImpl::DoConfigurationSyncCycleJob] Blocked types:  and types to download: Autofill Profiles, Autofill, Extensions, Sessions, Extension settings, History Delete Directives, Web Apps, Collection, Edge Hub App Usage, Edge Tab Group, Edge Wallet, Encryption Keys
2025-03-24 03:30:18.517: [INFO][SyncEngineBackend::DoFinishConfigureDataTypes] Failed to download types:  and succeeded types: Autofill Profiles, Autofill, Extensions, Sessions, Extension settings, History Delete Directives, Web Apps, Collection, Edge Hub App Usage, Edge Tab Group, Edge Wallet, Encryption Keys
2025-03-24 03:30:18.519: [INFO][Sync] ConfigurationDone, failed: , succeeded: Autofill Profiles, Autofill, Extensions, Sessions, Extension settings, History Delete Directives, Web Apps, Collection, Edge Hub App Usage, Edge Tab Group, Edge Wallet, Encryption Keys, remaining count: 1
2025-03-24 03:30:18.521: [INFO][Sync] Prepare to configure types: History, Encryption Keys
2025-03-24 03:30:18.521: [INFO][SyncManagerImpl::ConfigureSyncer] Types to download: History, Encryption Keys with reason: 5
2025-03-24 03:30:18.521: [INFO][SyncSchedulerImpl::DoConfigurationSyncCycleJob] Blocked types:  and types to download: History, Encryption Keys
2025-03-24 03:37:20.771: [INFO][SyncEngineBackend::DoFinishConfigureDataTypes] Failed to download types:  and succeeded types: History, Encryption Keys
2025-03-24 03:37:20.785: [INFO][Sync] ConfigurationDone, failed: , succeeded: History, Encryption Keys, remaining count: 0
2025-03-24 03:37:20.796: [INFO][Sync]     Configuration completed, state: 7
2025-03-24 03:37:20.796: [INFO][Sync] Configured DataTypeManager: Ok
2025-03-24 03:37:20.807: [INFO][SyncEngineBackend::DoStartSyncing] Start syncing
2025-03-24 04:00:53.955: [INFO][Sync] Reset engine, reason: 0
2025-03-24 04:00:53.955: [INFO][Sync] Reset engine with reason: 0
2025-03-24 04:01:33.315: [INFO][Sync] SyncState after authenticated was: FeatureCanStart
2025-03-24 04:01:34.286: [INFO][Sync] Try to start sync engine
2025-03-24 04:01:34.287: [INFO][SyncManagerImpl::NudgeForInitialDownload] Initial download nudge for Encryption Keys
2025-03-24 04:01:34.287: [INFO][SyncEngineBackend::LoadAndConnectNigoriController] Load and connect Nigori controller
2025-03-24 04:01:34.287: [INFO][SyncEngineBackend::DoInitialize] Control Types added: Encryption Keys
2025-03-24 04:01:34.287: [INFO][SyncManagerImpl::ConfigureSyncer] Types to download: Encryption Keys with reason: 3
2025-03-24 04:01:34.287: [INFO][SyncSchedulerImpl::DoConfigurationSyncCycleJob] Configure job was blocked
2025-03-24 04:01:34.333: [INFO][SyncAuthManager::SetLastAuthError] Current auth error: None
2025-03-24 04:01:34.333: [INFO][SyncAuthManager::EdgeLogTokenErrorState] Token error with: None for account type: MSA
2025-03-24 04:01:34.333: [INFO][Sync] Credentials changed for: EdgeSyncScopeNew
2025-03-24 04:01:34.912: [INFO][SyncAuthManager::SetLastAuthError] Current auth error: None
2025-03-24 04:01:34.912: [INFO][SyncAuthManager::EdgeLogTokenErrorState] Token error with: None for account type: MSA
2025-03-24 04:01:34.912: [INFO][Sync] Credentials changed for: EdgeSyncKeyDataScope
2025-03-24 04:01:34.912: [INFO][SyncEngineBackend::DoUpdateKeyDataCredentials] Update key data credentials
2025-03-24 04:01:34.912: [INFO][SyncEngineBackend::DoUpdateCredentials] Update credentials
2025-03-24 04:01:34.912: [INFO][SyncSchedulerImpl::DoConfigurationSyncCycleJob] Blocked types:  and types to download: Encryption Keys
2025-03-24 04:01:36.157: [INFO][Sync] Started DataTypeManager configuration, reason: 4
2025-03-24 04:01:36.157: [INFO][Sync] Configuring for: Bookmarks, Preferences, Passwords, Autofill Profiles, Autofill, Extensions, Sessions, Extension settings, History Delete Directives, Device Info, User Consents, Send Tab To Self, Web Apps, History, Collection, Edge E Drop, Edge Hub App Usage, Edge Tab Group, Edge Wallet, Encryption Keys, reason: 4, current state: 0
2025-03-24 04:01:36.157: [WARN][Sync] Crypto error data types: Passwords, Autofill Profiles, Autofill
2025-03-24 04:01:36.172: [INFO][Sync] Configure, desired: Bookmarks, Preferences, Extensions, Sessions, Extension settings, History Delete Directives, Device Info, User Consents, Send Tab To Self, Web Apps, History, Collection, Edge E Drop, Edge Hub App Usage, Edge Tab Group, Edge Wallet, Encryption Keys; Allow fail: Passwords, Autofill Profiles, Autofill
2025-03-24 04:01:36.172: [INFO][Sync] Loading: Bookmarks
2025-03-24 04:01:36.172: [INFO][Sync] Loading: Preferences
2025-03-24 04:01:36.172: [INFO][Sync] Loading: Extensions
2025-03-24 04:01:36.172: [INFO][Sync] Loading: Sessions
2025-03-24 04:01:36.172: [INFO][Sync] Loading: Extension settings
2025-03-24 04:01:36.172: [INFO][Sync] Loading: History Delete Directives
2025-03-24 04:01:36.172: [INFO][Sync] Loading: Device Info
2025-03-24 04:01:36.172: [INFO][Sync] Loading: User Consents
2025-03-24 04:01:36.172: [INFO][Sync] Loading: Send Tab To Self
2025-03-24 04:01:36.172: [INFO][Sync] Loading: Web Apps
2025-03-24 04:01:36.172: [INFO][Sync] Loading: History
2025-03-24 04:01:36.172: [INFO][Sync] Loading: Collection
2025-03-24 04:01:36.172: [INFO][Sync] Loading: Edge E Drop
2025-03-24 04:01:36.172: [INFO][Sync] Loading: Edge Hub App Usage
2025-03-24 04:01:36.172: [INFO][Sync] Loading: Edge Tab Group
2025-03-24 04:01:36.172: [INFO][Sync] Loading: Edge Wallet
2025-03-24 04:01:36.196: [INFO][Sync] All data types are ready for configure.
2025-03-24 04:01:36.833: [INFO][SyncEngineBackend::DoStartConfiguration] Start configuration
2025-03-24 04:01:36.833: [INFO][SyncManagerImpl::ConfigureSyncer] Types to download:  with reason: 4
2025-03-24 04:01:36.833: [INFO][SyncEngineBackend::DoFinishConfigureDataTypes] Failed to download types:  and succeeded types: 
2025-03-24 04:01:36.844: [INFO][Sync] Started DataTypeManager configuration, reason: 5
2025-03-24 04:01:36.844: [INFO][Sync] Configuring for: Bookmarks, Preferences, Passwords, Autofill Profiles, Autofill, Extensions, Sessions, Extension settings, History Delete Directives, Device Info, User Consents, Send Tab To Self, Web Apps, History, Collection, Edge E Drop, Edge Hub App Usage, Edge Tab Group, Edge Wallet, Encryption Keys, reason: 5, current state: 1
2025-03-24 04:01:36.865: [INFO][Sync] ConfigurationDone, failed: , succeeded: , remaining count: 4
2025-03-24 04:01:36.865: [WARN][Sync]     Reconfigure requested while configuration ongoing.
2025-03-24 04:01:36.865: [INFO][Sync] Configuring for: Bookmarks, Preferences, Passwords, Autofill Profiles, Autofill, Extensions, Sessions, Extension settings, History Delete Directives, Device Info, User Consents, Send Tab To Self, Web Apps, History, Collection, Edge E Drop, Edge Hub App Usage, Edge Tab Group, Edge Wallet, Encryption Keys, reason: 5, current state: 2
2025-03-24 04:01:36.865: [INFO][Sync] Configure, desired: Bookmarks, Preferences, Passwords, Autofill Profiles, Autofill, Extensions, Sessions, Extension settings, History Delete Directives, Device Info, User Consents, Send Tab To Self, Web Apps, History, Collection, Edge E Drop, Edge Hub App Usage, Edge Tab Group, Edge Wallet, Encryption Keys; Allow fail: 
2025-03-24 04:01:36.865: [INFO][Sync] Loading: Passwords
2025-03-24 04:01:36.865: [INFO][Sync] Loading: Autofill Profiles
2025-03-24 04:01:36.865: [INFO][Sync] Loading: Autofill
2025-03-24 04:01:36.865: [INFO][Sync] All data types are ready for configure.
2025-03-24 04:01:36.865: [INFO][SyncManagerImpl::NudgeForInitialDownload] Initial download nudge for Passwords
2025-03-24 04:01:36.865: [INFO][SyncManagerImpl::ConfigureSyncer] Types to download:  with reason: 5
2025-03-24 04:01:36.865: [INFO][SyncEngineBackend::DoFinishConfigureDataTypes] Failed to download types:  and succeeded types: 
2025-03-24 04:01:36.869: [INFO][Sync] ConfigurationDone, failed: , succeeded: , remaining count: 4
2025-03-24 04:01:36.869: [INFO][Sync] Prepare to configure types: Passwords, Encryption Keys
2025-03-24 04:01:36.869: [INFO][SyncManagerImpl::ConfigureSyncer] Types to download: Passwords, Encryption Keys with reason: 5
2025-03-24 04:01:36.869: [INFO][SyncSchedulerImpl::DoConfigurationSyncCycleJob] Blocked types:  and types to download: Passwords, Encryption Keys
2025-03-24 04:01:37.586: [INFO][SyncEngineBackend::DoFinishConfigureDataTypes] Failed to download types:  and succeeded types: Passwords, Encryption Keys
2025-03-24 04:01:37.606: [INFO][Sync] ConfigurationDone, failed: , succeeded: Passwords, Encryption Keys, remaining count: 3
2025-03-24 04:01:37.606: [INFO][SyncManagerImpl::ConfigureSyncer] Types to download:  with reason: 5
2025-03-24 04:01:37.606: [INFO][SyncEngineBackend::DoFinishConfigureDataTypes] Failed to download types:  and succeeded types: 
2025-03-24 04:01:37.606: [INFO][Sync] ConfigurationDone, failed: , succeeded: , remaining count: 2
2025-03-24 04:01:37.606: [INFO][SyncManagerImpl::ConfigureSyncer] Types to download:  with reason: 5
2025-03-24 04:01:37.606: [INFO][SyncEngineBackend::DoFinishConfigureDataTypes] Failed to download types:  and succeeded types: 
2025-03-24 04:01:37.609: [INFO][Sync] ConfigurationDone, failed: , succeeded: , remaining count: 1
2025-03-24 04:01:37.620: [INFO][SyncManagerImpl::ConfigureSyncer] Types to download:  with reason: 5
2025-03-24 04:01:37.620: [INFO][SyncEngineBackend::DoFinishConfigureDataTypes] Failed to download types:  and succeeded types: 
2025-03-24 04:01:37.621: [INFO][Sync] ConfigurationDone, failed: , succeeded: , remaining count: 0
2025-03-24 04:01:37.641: [INFO][Sync]     Configuration completed, state: 7
2025-03-24 04:01:37.641: [INFO][Sync] Configured DataTypeManager: Ok
2025-03-24 04:01:37.656: [INFO][SyncEngineBackend::DoStartSyncing] Start syncing
2025-03-24 07:28:13.315: [INFO][Sync] Reset engine, reason: 0
2025-03-24 07:28:13.315: [INFO][Sync] Reset engine with reason: 0
